#
# There is insufficient memory for the Java Runtime Environment to continue.
# Native memory allocation (malloc) failed to allocate 1523936 bytes for Chunk::new
# Possible reasons:
#   The system is out of physical RAM or swap space
#   The process is running with CompressedOops enabled, and the Java Heap may be blocking the growth of the native heap
# Possible solutions:
#   Reduce memory load on the system
#   Increase physical memory or swap space
#   Check if swap backing store is full
#   Decrease Java heap size (-Xmx/-Xms)
#   Decrease number of Java threads
#   Decrease Java thread stack sizes (-Xss)
#   Set larger code cache with -XX:ReservedCodeCacheSize=
#   JVM is running with Unscaled Compressed Oops mode in which the Java heap is
#     placed in the first 4GB address space. The Java Heap base address is the
#     maximum limit for the native heap growth. Please use -XX:HeapBaseMinAddress
#     to set the Java Heap base and to place the Java Heap above 4GB virtual address.
# This output file may be truncated or incomplete.
#
#  Out of Memory Error (arena.cpp:191), pid=8136, tid=11572
#
# JRE version: OpenJDK Runtime Environment Temurin-17.0.9+9 (17.0.9+9) (build 17.0.9+9)
# Java VM: OpenJDK 64-Bit Server VM Temurin-17.0.9+9 (17.0.9+9, mixed mode, tiered, compressed oops, compressed class ptrs, parallel gc, windows-amd64)
# No core dump will be written. Minidumps are not enabled by default on client versions of Windows
#

---------------  S U M M A R Y ------------

Command Line: --add-modules=ALL-SYSTEM --add-opens=java.base/java.util=ALL-UNNAMED --add-opens=java.base/java.lang=ALL-UNNAMED --add-opens=java.base/sun.nio.fs=ALL-UNNAMED -Declipse.application=org.eclipse.jdt.ls.core.id1 -Dosgi.bundles.defaultStartLevel=4 -Declipse.product=org.eclipse.jdt.ls.core.product -Djava.import.generatesMetadataFilesAtProjectRoot=false -DDetectVMInstallationsJob.disabled=true -Dfile.encoding=utf8 -XX:+UseParallelGC -XX:GCTimeRatio=4 -XX:AdaptiveSizePolicyWeight=90 -Dsun.zip.disableMemoryMapping=true -Xmx1G -Xms100m -Xlog:disable -javaagent:c:\Users\Javie\.vscode\extensions\redhat.java-1.25.1-win32-x64\lombok\lombok-1.18.30.jar -XX:+HeapDumpOnOutOfMemoryError -XX:HeapDumpPath=c:\Users\Javie\AppData\Roaming\Code\User\workspaceStorage\58d5f3f53bd9d1d299ecd7e67829268f\redhat.java -Daether.dependencyCollector.impl=bf c:\Users\Javie\.vscode\extensions\redhat.java-1.25.1-win32-x64\server\plugins\org.eclipse.equinox.launcher_1.6.600.v20231106-1826.jar -configuration c:\Users\Javie\AppData\Roaming\Code\User\globalStorage\redhat.java\1.25.1\config_win -data c:\Users\Javie\AppData\Roaming\Code\User\workspaceStorage\58d5f3f53bd9d1d299ecd7e67829268f\redhat.java\jdt_ws --stdio

Host: AMD Ryzen 3 3200G with Radeon Vega Graphics    , 4 cores, 13G,  Windows 10 , 64 bit Build 19041 (10.0.19041.3155)
Time: Tue Dec 12 20:54:08 2023 Hora estándar central (México) elapsed time: 15.523375 seconds (0d 0h 0m 15s)

---------------  T H R E A D  ---------------

Current thread (0x0000026be1003d90):  JavaThread "C2 CompilerThread1" daemon [_thread_in_native, id=11572, stack(0x000000a3be800000,0x000000a3be900000)]


Current CompileTask:
C2:  15523 6820   !   4       org.eclipse.jdt.internal.compiler.classfmt.ClassFileReader::<init> (2113 bytes)

Stack: [0x000000a3be800000,0x000000a3be900000]
Native frames: (J=compiled Java code, j=interpreted, Vv=VM code, C=native code)
V  [jvm.dll+0x67cf49]
V  [jvm.dll+0x83478a]
V  [jvm.dll+0x83624e]
V  [jvm.dll+0x8368b3]
V  [jvm.dll+0x247f1f]
V  [jvm.dll+0xac43c]
V  [jvm.dll+0xaca8c]
V  [jvm.dll+0x2af45f]
V  [jvm.dll+0x5853f7]
V  [jvm.dll+0x222f62]
V  [jvm.dll+0x22334f]
V  [jvm.dll+0x21c476]
V  [jvm.dll+0x2198c1]
V  [jvm.dll+0x1a57cd]
V  [jvm.dll+0x2297ae]
V  [jvm.dll+0x22797c]
V  [jvm.dll+0x7e9877]
V  [jvm.dll+0x7e3c3a]
V  [jvm.dll+0x67be35]
C  [ucrtbase.dll+0x21bb2]
C  [KERNEL32.DLL+0x17614]
C  [ntdll.dll+0x526b1]


---------------  P R O C E S S  ---------------

Threads class SMR info:
_java_thread_list=0x0000026be0a03570, length=30, elements={
0x0000026bc7485ef0, 0x0000026bdb2ca750, 0x0000026bdb2cd190, 0x0000026bdb2f4440,
0x0000026bdb2f51d0, 0x0000026bdb2f5f60, 0x0000026bdb2f7a40, 0x0000026bdb2fa650,
0x0000026be058e120, 0x0000026be0590df0, 0x0000026be0658010, 0x0000026be086ae50,
0x0000026be0fb01b0, 0x0000026be15b0460, 0x0000026be15b0c10, 0x0000026be1757e40,
0x0000026be10926e0, 0x0000026be1be08e0, 0x0000026be1be1300, 0x0000026be1be0df0,
0x0000026be1be1810, 0x0000026be1be03d0, 0x0000026be1bdea80, 0x0000026be1bdef90,
0x0000026be1bdf9b0, 0x0000026be2dc20b0, 0x0000026be2dc0760, 0x0000026be2dbfd40,
0x0000026be2dc2fe0, 0x0000026be1003d90
}

Java Threads: ( => current thread )
  0x0000026bc7485ef0 JavaThread "main" [_thread_blocked, id=1796, stack(0x000000a3bcd00000,0x000000a3bce00000)]
  0x0000026bdb2ca750 JavaThread "Reference Handler" daemon [_thread_blocked, id=10744, stack(0x000000a3bd000000,0x000000a3bd100000)]
  0x0000026bdb2cd190 JavaThread "Finalizer" daemon [_thread_blocked, id=15512, stack(0x000000a3bd100000,0x000000a3bd200000)]
  0x0000026bdb2f4440 JavaThread "Signal Dispatcher" daemon [_thread_blocked, id=6304, stack(0x000000a3bd200000,0x000000a3bd300000)]
  0x0000026bdb2f51d0 JavaThread "Attach Listener" daemon [_thread_blocked, id=8420, stack(0x000000a3bd300000,0x000000a3bd400000)]
  0x0000026bdb2f5f60 JavaThread "Service Thread" daemon [_thread_blocked, id=9816, stack(0x000000a3bd400000,0x000000a3bd500000)]
  0x0000026bdb2f7a40 JavaThread "Monitor Deflation Thread" daemon [_thread_blocked, id=7968, stack(0x000000a3bd500000,0x000000a3bd600000)]
  0x0000026bdb2fa650 JavaThread "C2 CompilerThread0" daemon [_thread_in_native, id=9584, stack(0x000000a3bd600000,0x000000a3bd700000)]
  0x0000026be058e120 JavaThread "C1 CompilerThread0" daemon [_thread_blocked, id=9548, stack(0x000000a3bd700000,0x000000a3bd800000)]
  0x0000026be0590df0 JavaThread "Sweeper thread" daemon [_thread_blocked, id=1968, stack(0x000000a3bd800000,0x000000a3bd900000)]
  0x0000026be0658010 JavaThread "Common-Cleaner" daemon [_thread_blocked, id=2232, stack(0x000000a3bd900000,0x000000a3bda00000)]
  0x0000026be086ae50 JavaThread "Notification Thread" daemon [_thread_blocked, id=7844, stack(0x000000a3bda00000,0x000000a3bdb00000)]
  0x0000026be0fb01b0 JavaThread "Active Thread: Equinox Container: 837a50bd-f7a1-45bd-b700-7aaf6919e82a" [_thread_blocked, id=8632, stack(0x000000a3be000000,0x000000a3be100000)]
  0x0000026be15b0460 JavaThread "Framework Event Dispatcher: Equinox Container: 837a50bd-f7a1-45bd-b700-7aaf6919e82a" daemon [_thread_blocked, id=10836, stack(0x000000a3be100000,0x000000a3be200000)]
  0x0000026be15b0c10 JavaThread "Start Level: Equinox Container: 837a50bd-f7a1-45bd-b700-7aaf6919e82a" daemon [_thread_blocked, id=6424, stack(0x000000a3be200000,0x000000a3be300000)]
  0x0000026be1757e40 JavaThread "Bundle File Closer" daemon [_thread_blocked, id=5776, stack(0x000000a3be300000,0x000000a3be400000)]
  0x0000026be10926e0 JavaThread "SCR Component Actor" daemon [_thread_blocked, id=7424, stack(0x000000a3be400000,0x000000a3be500000)]
  0x0000026be1be08e0 JavaThread "Worker-JM" [_thread_blocked, id=6532, stack(0x000000a3bdf00000,0x000000a3be000000)]
  0x0000026be1be1300 JavaThread "Worker-0: Java indexing... " [_thread_blocked, id=12328, stack(0x000000a3be600000,0x000000a3be700000)]
  0x0000026be1be0df0 JavaThread "Worker-1" [_thread_blocked, id=15908, stack(0x000000a3be700000,0x000000a3be800000)]
  0x0000026be1be1810 JavaThread "Java indexing" daemon [_thread_in_vm, id=9884, stack(0x000000a3be900000,0x000000a3bea00000)]
  0x0000026be1be03d0 JavaThread "Worker-2" [_thread_blocked, id=9196, stack(0x000000a3bea00000,0x000000a3beb00000)]
  0x0000026be1bdea80 JavaThread "Worker-3: Initialize Workspace" [_thread_blocked, id=13696, stack(0x000000a3beb00000,0x000000a3bec00000)]
  0x0000026be1bdef90 JavaThread "JNA Cleaner" daemon [_thread_blocked, id=14340, stack(0x000000a3bec00000,0x000000a3bed00000)]
  0x0000026be1bdf9b0 JavaThread "pool-2-thread-1" [_thread_blocked, id=7240, stack(0x000000a3bed00000,0x000000a3bee00000)]
  0x0000026be2dc20b0 JavaThread "WorkspaceEventsHandler" [_thread_blocked, id=14932, stack(0x000000a3bee00000,0x000000a3bef00000)]
  0x0000026be2dc0760 JavaThread "pool-1-thread-1" [_thread_blocked, id=11744, stack(0x000000a3bef00000,0x000000a3bf000000)]
  0x0000026be2dbfd40 JavaThread "pool-3-thread-1" [_thread_in_native, id=15016, stack(0x000000a3be500000,0x000000a3be600000)]
  0x0000026be2dc2fe0 JavaThread "Worker-4" [_thread_blocked, id=8732, stack(0x000000a3bf000000,0x000000a3bf100000)]
=>0x0000026be1003d90 JavaThread "C2 CompilerThread1" daemon [_thread_in_native, id=11572, stack(0x000000a3be800000,0x000000a3be900000)]

Other Threads:
  0x0000026bdb200c30 VMThread "VM Thread" [stack: 0x000000a3bcf00000,0x000000a3bd000000] [id=7228]
  0x0000026be08561d0 WatcherThread [stack: 0x000000a3bdb00000,0x000000a3bdc00000] [id=11052]
  0x0000026bc749d5a0 GCTaskThread "GC Thread#0" [stack: 0x000000a3bce00000,0x000000a3bcf00000] [id=5552]
  0x0000026be0f201e0 GCTaskThread "GC Thread#1" [stack: 0x000000a3bdc00000,0x000000a3bdd00000] [id=15956]
  0x0000026be0e5a3e0 GCTaskThread "GC Thread#2" [stack: 0x000000a3bdd00000,0x000000a3bde00000] [id=16176]
  0x0000026be0e5a6a0 GCTaskThread "GC Thread#3" [stack: 0x000000a3bde00000,0x000000a3bdf00000] [id=15768]

Threads with active compile tasks:
C2 CompilerThread0    15626 6829   !   4       java.util.zip.ZipFile::getInputStream (276 bytes)
C2 CompilerThread1    15626 6820   !   4       org.eclipse.jdt.internal.compiler.classfmt.ClassFileReader::<init> (2113 bytes)

VM state: not at safepoint (normal execution)

VM Mutex/Monitor currently owned by a thread: None

Heap address: 0x00000000c0000000, size: 1024 MB, Compressed Oops mode: 32-bit

CDS archive(s) not mapped
Compressed class space mapped at: 0x0000000100000000-0x0000000140000000, reserved size: 1073741824
Narrow klass base: 0x0000000000000000, Narrow klass shift: 3, Narrow klass range: 0x140000000

GC Precious Log:
 CPUs: 4 total, 4 available
 Memory: 14270M
 Large Page Support: Disabled
 NUMA Support: Disabled
 Compressed Oops: Enabled (32-bit)
 Alignments: Space 512K, Generation 512K, Heap 2M
 Heap Min Capacity: 100M
 Heap Initial Capacity: 100M
 Heap Max Capacity: 1G
 Pre-touch: Disabled
 Parallel Workers: 4

Heap:
 PSYoungGen      total 20480K, used 17433K [0x00000000eab00000, 0x00000000ec080000, 0x0000000100000000)
  eden space 18944K, 85% used [0x00000000eab00000,0x00000000ebae0180,0x00000000ebd80000)
  from space 1536K, 76% used [0x00000000ebd80000,0x00000000ebea6320,0x00000000ebf00000)
  to   space 1536K, 0% used [0x00000000ebf00000,0x00000000ebf00000,0x00000000ec080000)
 ParOldGen       total 68608K, used 35758K [0x00000000c0000000, 0x00000000c4300000, 0x00000000eab00000)
  object space 68608K, 52% used [0x00000000c0000000,0x00000000c22eb860,0x00000000c4300000)
 Metaspace       used 53608K, committed 54592K, reserved 1114112K
  class space    used 5742K, committed 6144K, reserved 1048576K

Card table byte_map: [0x0000026bc6e30000,0x0000026bc7040000] _byte_map_base: 0x0000026bc6830000

Marking Bits: (ParMarkBitMap*) 0x00007ffd75b1d0b0
 Begin Bits: [0x0000026bd9130000, 0x0000026bda130000)
 End Bits:   [0x0000026bda130000, 0x0000026bdb130000)

Polling page: 0x0000026bc5320000

Metaspace:

Usage:
  Non-class:     46.74 MB used.
      Class:      5.61 MB used.
       Both:     52.35 MB used.

Virtual space:
  Non-class space:       64.00 MB reserved,      47.31 MB ( 74%) committed,  1 nodes.
      Class space:        1.00 GB reserved,       6.00 MB ( <1%) committed,  1 nodes.
             Both:        1.06 GB reserved,      53.31 MB (  5%) committed. 

Chunk freelists:
   Non-Class:  272.00 KB
       Class:  10.02 MB
        Both:  10.28 MB

MaxMetaspaceSize: unlimited
CompressedClassSpaceSize: 1.00 GB
Initial GC threshold: 21.00 MB
Current GC threshold: 58.38 MB
CDS: off
MetaspaceReclaimPolicy: balanced
 - commit_granule_bytes: 65536.
 - commit_granule_words: 8192.
 - virtual_space_node_default_size: 8388608.
 - enlarge_chunks_in_place: 1.
 - new_chunks_are_fully_committed: 0.
 - uncommit_free_chunks: 1.
 - use_allocation_guard: 0.
 - handle_deallocations: 1.


Internal statistics:

num_allocs_failed_limit: 6.
num_arena_births: 454.
num_arena_deaths: 14.
num_vsnodes_births: 2.
num_vsnodes_deaths: 0.
num_space_committed: 853.
num_space_uncommitted: 0.
num_chunks_returned_to_freelist: 20.
num_chunks_taken_from_freelist: 2440.
num_chunk_merges: 11.
num_chunk_splits: 1540.
num_chunks_enlarged: 964.
num_inconsistent_stats: 0.

CodeHeap 'non-profiled nmethods': size=120000Kb used=3923Kb max_used=3923Kb free=116076Kb
 bounds [0x0000026bd1c00000, 0x0000026bd1fe0000, 0x0000026bd9130000]
CodeHeap 'profiled nmethods': size=120000Kb used=12756Kb max_used=12756Kb free=107243Kb
 bounds [0x0000026bca130000, 0x0000026bcadb0000, 0x0000026bd1660000]
CodeHeap 'non-nmethods': size=5760Kb used=1294Kb max_used=1363Kb free=4465Kb
 bounds [0x0000026bd1660000, 0x0000026bd18d0000, 0x0000026bd1c00000]
 total_blobs=6650 nmethods=6026 adapters=538
 compilation: enabled
              stopped_count=0, restarted_count=0
 full_count=0

Compilation events (20 events):
Event: 15.212 Thread 0x0000026be1003d90 nmethod 6813 0x0000026bd1dbf990 code [0x0000026bd1dbfb00, 0x0000026bd1dbfbb8]
Event: 15.214 Thread 0x0000026be1003d90 6814       4       org.eclipse.jdt.core.compiler.CharOperation::concatWith (127 bytes)
Event: 15.218 Thread 0x0000026be1003d90 nmethod 6814 0x0000026bd1e10490 code [0x0000026bd1e10620, 0x0000026bd1e109f8]
Event: 15.223 Thread 0x0000026bdb2fa650 nmethod 6812 0x0000026bd1fcb910 code [0x0000026bd1fcbc20, 0x0000026bd1fccf30]
Event: 15.226 Thread 0x0000026be1003d90 6815       4       org.eclipse.jdt.internal.core.search.indexing.AbstractIndexer::addMethodDeclaration (98 bytes)
Event: 15.228 Thread 0x0000026bdb2fa650 6816       4       org.eclipse.jdt.internal.compiler.classfmt.MethodInfo::getGenericSignature (46 bytes)
Event: 15.236 Thread 0x0000026bdb2fa650 nmethod 6816 0x0000026bd1e86190 code [0x0000026bd1e86320, 0x0000026bd1e86b78]
Event: 15.244 Thread 0x0000026be1003d90 nmethod 6815 0x0000026bd1fcd710 code [0x0000026bd1fcd940, 0x0000026bd1fcea00]
Event: 15.245 Thread 0x0000026be058e120 6817       3       java.lang.invoke.BoundMethodHandle$Species_LL::make (12 bytes)
Event: 15.245 Thread 0x0000026be058e120 nmethod 6817 0x0000026bca946e10 code [0x0000026bca946fc0, 0x0000026bca947208]
Event: 15.246 Thread 0x0000026be058e120 6818       3       org.eclipse.jdt.internal.core.search.indexing.BinaryIndexer::extractReferenceFromConstantPool (351 bytes)
Event: 15.247 Thread 0x0000026be058e120 nmethod 6818 0x0000026bcada3310 code [0x0000026bcada36a0, 0x0000026bcada5118]
Event: 15.249 Thread 0x0000026bdb2fa650 6819   !   4       org.eclipse.jdt.internal.compiler.parser.Scanner::getNextChar (71 bytes)
Event: 15.250 Thread 0x0000026bdb2fa650 nmethod 6819 0x0000026bd1e85e10 code [0x0000026bd1e85f80, 0x0000026bd1e86078]
Event: 15.292 Thread 0x0000026be1003d90 6820   !   4       org.eclipse.jdt.internal.compiler.classfmt.ClassFileReader::<init> (2113 bytes)
Event: 15.294 Thread 0x0000026bdb2fa650 6821  s    4       org.eclipse.jdt.internal.compiler.classfmt.MethodInfo::readModifierRelatedAttributes (216 bytes)
Event: 15.315 Thread 0x0000026bdb2fa650 nmethod 6821 0x0000026bd1fcf790 code [0x0000026bd1fcf960, 0x0000026bd1fd0a98]
Event: 15.517 Thread 0x0000026bdb2fa650 6822   !   4       org.eclipse.jdt.internal.core.search.indexing.AbstractIndexer::addMethodDeclaration (42 bytes)
Event: 15.518 Thread 0x0000026be058e120 6824       3       org.eclipse.jdt.internal.compiler.parser.Scanner::areRestrictedModuleKeywordsActive (21 bytes)
Event: 15.518 Thread 0x0000026be058e120 nmethod 6824 0x0000026bcada5b90 code [0x0000026bcada5d40, 0x0000026bcada5fb8]

GC Heap History (20 events):
Event: 8.499 GC heap before
{Heap before GC invocations=20 (full 2):
 PSYoungGen      total 22016K, used 21856K [0x00000000eab00000, 0x00000000ec380000, 0x0000000100000000)
  eden space 19968K, 100% used [0x00000000eab00000,0x00000000ebe80000,0x00000000ebe80000)
  from space 2048K, 92% used [0x00000000ebe80000,0x00000000ec058020,0x00000000ec080000)
  to   space 2560K, 0% used [0x00000000ec100000,0x00000000ec100000,0x00000000ec380000)
 ParOldGen       total 68608K, used 20580K [0x00000000c0000000, 0x00000000c4300000, 0x00000000eab00000)
  object space 68608K, 29% used [0x00000000c0000000,0x00000000c14192d0,0x00000000c4300000)
 Metaspace       used 51340K, committed 52352K, reserved 1114112K
  class space    used 5548K, committed 5952K, reserved 1048576K
}
Event: 8.502 GC heap after
{Heap after GC invocations=20 (full 2):
 PSYoungGen      total 22016K, used 1920K [0x00000000eab00000, 0x00000000ec300000, 0x0000000100000000)
  eden space 19968K, 0% used [0x00000000eab00000,0x00000000eab00000,0x00000000ebe80000)
  from space 2048K, 93% used [0x00000000ec100000,0x00000000ec2e0000,0x00000000ec300000)
  to   space 2048K, 0% used [0x00000000ebe80000,0x00000000ebe80000,0x00000000ec080000)
 ParOldGen       total 68608K, used 22416K [0x00000000c0000000, 0x00000000c4300000, 0x00000000eab00000)
  object space 68608K, 32% used [0x00000000c0000000,0x00000000c15e4300,0x00000000c4300000)
 Metaspace       used 51340K, committed 52352K, reserved 1114112K
  class space    used 5548K, committed 5952K, reserved 1048576K
}
Event: 8.751 GC heap before
{Heap before GC invocations=21 (full 2):
 PSYoungGen      total 22016K, used 21888K [0x00000000eab00000, 0x00000000ec300000, 0x0000000100000000)
  eden space 19968K, 100% used [0x00000000eab00000,0x00000000ebe80000,0x00000000ebe80000)
  from space 2048K, 93% used [0x00000000ec100000,0x00000000ec2e0000,0x00000000ec300000)
  to   space 2048K, 0% used [0x00000000ebe80000,0x00000000ebe80000,0x00000000ec080000)
 ParOldGen       total 68608K, used 22416K [0x00000000c0000000, 0x00000000c4300000, 0x00000000eab00000)
  object space 68608K, 32% used [0x00000000c0000000,0x00000000c15e4300,0x00000000c4300000)
 Metaspace       used 51388K, committed 52352K, reserved 1114112K
  class space    used 5558K, committed 5952K, reserved 1048576K
}
Event: 8.754 GC heap after
{Heap after GC invocations=21 (full 2):
 PSYoungGen      total 22016K, used 2016K [0x00000000eab00000, 0x00000000ec880000, 0x0000000100000000)
  eden space 19968K, 0% used [0x00000000eab00000,0x00000000eab00000,0x00000000ebe80000)
  from space 2048K, 98% used [0x00000000ebe80000,0x00000000ec078020,0x00000000ec080000)
  to   space 5120K, 0% used [0x00000000ec380000,0x00000000ec380000,0x00000000ec880000)
 ParOldGen       total 68608K, used 24754K [0x00000000c0000000, 0x00000000c4300000, 0x00000000eab00000)
  object space 68608K, 36% used [0x00000000c0000000,0x00000000c182c998,0x00000000c4300000)
 Metaspace       used 51388K, committed 52352K, reserved 1114112K
  class space    used 5558K, committed 5952K, reserved 1048576K
}
Event: 8.828 GC heap before
{Heap before GC invocations=22 (full 2):
 PSYoungGen      total 22016K, used 21984K [0x00000000eab00000, 0x00000000ec880000, 0x0000000100000000)
  eden space 19968K, 100% used [0x00000000eab00000,0x00000000ebe80000,0x00000000ebe80000)
  from space 2048K, 98% used [0x00000000ebe80000,0x00000000ec078020,0x00000000ec080000)
  to   space 5120K, 0% used [0x00000000ec380000,0x00000000ec380000,0x00000000ec880000)
 ParOldGen       total 68608K, used 24754K [0x00000000c0000000, 0x00000000c4300000, 0x00000000eab00000)
  object space 68608K, 36% used [0x00000000c0000000,0x00000000c182c998,0x00000000c4300000)
 Metaspace       used 51388K, committed 52352K, reserved 1114112K
  class space    used 5558K, committed 5952K, reserved 1048576K
}
Event: 8.831 GC heap after
{Heap after GC invocations=22 (full 2):
 PSYoungGen      total 22528K, used 2240K [0x00000000eab00000, 0x00000000ec600000, 0x0000000100000000)
  eden space 19968K, 0% used [0x00000000eab00000,0x00000000eab00000,0x00000000ebe80000)
  from space 2560K, 87% used [0x00000000ec380000,0x00000000ec5b0000,0x00000000ec600000)
  to   space 3072K, 0% used [0x00000000ec000000,0x00000000ec000000,0x00000000ec300000)
 ParOldGen       total 68608K, used 26778K [0x00000000c0000000, 0x00000000c4300000, 0x00000000eab00000)
  object space 68608K, 39% used [0x00000000c0000000,0x00000000c1a269b8,0x00000000c4300000)
 Metaspace       used 51388K, committed 52352K, reserved 1114112K
  class space    used 5558K, committed 5952K, reserved 1048576K
}
Event: 8.981 GC heap before
{Heap before GC invocations=23 (full 2):
 PSYoungGen      total 22528K, used 22208K [0x00000000eab00000, 0x00000000ec600000, 0x0000000100000000)
  eden space 19968K, 100% used [0x00000000eab00000,0x00000000ebe80000,0x00000000ebe80000)
  from space 2560K, 87% used [0x00000000ec380000,0x00000000ec5b0000,0x00000000ec600000)
  to   space 3072K, 0% used [0x00000000ec000000,0x00000000ec000000,0x00000000ec300000)
 ParOldGen       total 68608K, used 26778K [0x00000000c0000000, 0x00000000c4300000, 0x00000000eab00000)
  object space 68608K, 39% used [0x00000000c0000000,0x00000000c1a269b8,0x00000000c4300000)
 Metaspace       used 51388K, committed 52352K, reserved 1114112K
  class space    used 5558K, committed 5952K, reserved 1048576K
}
Event: 8.983 GC heap after
{Heap after GC invocations=23 (full 2):
 PSYoungGen      total 22528K, used 2304K [0x00000000eab00000, 0x00000000ec400000, 0x0000000100000000)
  eden space 19968K, 0% used [0x00000000eab00000,0x00000000eab00000,0x00000000ebe80000)
  from space 2560K, 90% used [0x00000000ec000000,0x00000000ec240010,0x00000000ec280000)
  to   space 1536K, 0% used [0x00000000ec280000,0x00000000ec280000,0x00000000ec400000)
 ParOldGen       total 68608K, used 28954K [0x00000000c0000000, 0x00000000c4300000, 0x00000000eab00000)
  object space 68608K, 42% used [0x00000000c0000000,0x00000000c1c469b8,0x00000000c4300000)
 Metaspace       used 51388K, committed 52352K, reserved 1114112K
  class space    used 5558K, committed 5952K, reserved 1048576K
}
Event: 9.688 GC heap before
{Heap before GC invocations=24 (full 2):
 PSYoungGen      total 22528K, used 21598K [0x00000000eab00000, 0x00000000ec400000, 0x0000000100000000)
  eden space 19968K, 96% used [0x00000000eab00000,0x00000000ebdd7940,0x00000000ebe80000)
  from space 2560K, 90% used [0x00000000ec000000,0x00000000ec240010,0x00000000ec280000)
  to   space 1536K, 0% used [0x00000000ec280000,0x00000000ec280000,0x00000000ec400000)
 ParOldGen       total 68608K, used 28954K [0x00000000c0000000, 0x00000000c4300000, 0x00000000eab00000)
  object space 68608K, 42% used [0x00000000c0000000,0x00000000c1c469b8,0x00000000c4300000)
 Metaspace       used 52159K, committed 53184K, reserved 1114112K
  class space    used 5632K, committed 6016K, reserved 1048576K
}
Event: 9.691 GC heap after
{Heap after GC invocations=24 (full 2):
 PSYoungGen      total 20992K, used 1536K [0x00000000eab00000, 0x00000000ec780000, 0x0000000100000000)
  eden space 19456K, 0% used [0x00000000eab00000,0x00000000eab00000,0x00000000ebe00000)
  from space 1536K, 100% used [0x00000000ec280000,0x00000000ec400000,0x00000000ec400000)
  to   space 4608K, 0% used [0x00000000ebe00000,0x00000000ebe00000,0x00000000ec280000)
 ParOldGen       total 68608K, used 31541K [0x00000000c0000000, 0x00000000c4300000, 0x00000000eab00000)
  object space 68608K, 45% used [0x00000000c0000000,0x00000000c1ecd5b0,0x00000000c4300000)
 Metaspace       used 52159K, committed 53184K, reserved 1114112K
  class space    used 5632K, committed 6016K, reserved 1048576K
}
Event: 10.068 GC heap before
{Heap before GC invocations=25 (full 2):
 PSYoungGen      total 20992K, used 20992K [0x00000000eab00000, 0x00000000ec780000, 0x0000000100000000)
  eden space 19456K, 100% used [0x00000000eab00000,0x00000000ebe00000,0x00000000ebe00000)
  from space 1536K, 100% used [0x00000000ec280000,0x00000000ec400000,0x00000000ec400000)
  to   space 4608K, 0% used [0x00000000ebe00000,0x00000000ebe00000,0x00000000ec280000)
 ParOldGen       total 68608K, used 31541K [0x00000000c0000000, 0x00000000c4300000, 0x00000000eab00000)
  object space 68608K, 45% used [0x00000000c0000000,0x00000000c1ecd5b0,0x00000000c4300000)
 Metaspace       used 52253K, committed 53248K, reserved 1114112K
  class space    used 5634K, committed 6016K, reserved 1048576K
}
Event: 10.071 GC heap after
{Heap after GC invocations=25 (full 2):
 PSYoungGen      total 20480K, used 960K [0x00000000eab00000, 0x00000000ec300000, 0x0000000100000000)
  eden space 19456K, 0% used [0x00000000eab00000,0x00000000eab00000,0x00000000ebe00000)
  from space 1024K, 93% used [0x00000000ebe00000,0x00000000ebef0000,0x00000000ebf00000)
  to   space 2560K, 0% used [0x00000000ec080000,0x00000000ec080000,0x00000000ec300000)
 ParOldGen       total 68608K, used 33101K [0x00000000c0000000, 0x00000000c4300000, 0x00000000eab00000)
  object space 68608K, 48% used [0x00000000c0000000,0x00000000c20535e0,0x00000000c4300000)
 Metaspace       used 52253K, committed 53248K, reserved 1114112K
  class space    used 5634K, committed 6016K, reserved 1048576K
}
Event: 11.595 GC heap before
{Heap before GC invocations=26 (full 2):
 PSYoungGen      total 20480K, used 20416K [0x00000000eab00000, 0x00000000ec300000, 0x0000000100000000)
  eden space 19456K, 100% used [0x00000000eab00000,0x00000000ebe00000,0x00000000ebe00000)
  from space 1024K, 93% used [0x00000000ebe00000,0x00000000ebef0000,0x00000000ebf00000)
  to   space 2560K, 0% used [0x00000000ec080000,0x00000000ec080000,0x00000000ec300000)
 ParOldGen       total 68608K, used 33101K [0x00000000c0000000, 0x00000000c4300000, 0x00000000eab00000)
  object space 68608K, 48% used [0x00000000c0000000,0x00000000c20535e0,0x00000000c4300000)
 Metaspace       used 52587K, committed 53632K, reserved 1114112K
  class space    used 5651K, committed 6080K, reserved 1048576K
}
Event: 11.597 GC heap after
{Heap after GC invocations=26 (full 2):
 PSYoungGen      total 20480K, used 896K [0x00000000eab00000, 0x00000000ec180000, 0x0000000100000000)
  eden space 19456K, 0% used [0x00000000eab00000,0x00000000eab00000,0x00000000ebe00000)
  from space 1024K, 87% used [0x00000000ec080000,0x00000000ec160000,0x00000000ec180000)
  to   space 1536K, 0% used [0x00000000ebe80000,0x00000000ebe80000,0x00000000ec000000)
 ParOldGen       total 68608K, used 33557K [0x00000000c0000000, 0x00000000c4300000, 0x00000000eab00000)
  object space 68608K, 48% used [0x00000000c0000000,0x00000000c20c55e0,0x00000000c4300000)
 Metaspace       used 52587K, committed 53632K, reserved 1114112K
  class space    used 5651K, committed 6080K, reserved 1048576K
}
Event: 13.116 GC heap before
{Heap before GC invocations=27 (full 2):
 PSYoungGen      total 20480K, used 20332K [0x00000000eab00000, 0x00000000ec180000, 0x0000000100000000)
  eden space 19456K, 99% used [0x00000000eab00000,0x00000000ebdfb2d8,0x00000000ebe00000)
  from space 1024K, 87% used [0x00000000ec080000,0x00000000ec160000,0x00000000ec180000)
  to   space 1536K, 0% used [0x00000000ebe80000,0x00000000ebe80000,0x00000000ec000000)
 ParOldGen       total 68608K, used 33557K [0x00000000c0000000, 0x00000000c4300000, 0x00000000eab00000)
  object space 68608K, 48% used [0x00000000c0000000,0x00000000c20c55e0,0x00000000c4300000)
 Metaspace       used 53395K, committed 54400K, reserved 1114112K
  class space    used 5725K, committed 6144K, reserved 1048576K
}
Event: 13.117 GC heap after
{Heap after GC invocations=27 (full 2):
 PSYoungGen      total 20992K, used 950K [0x00000000eab00000, 0x00000000ec100000, 0x0000000100000000)
  eden space 19456K, 0% used [0x00000000eab00000,0x00000000eab00000,0x00000000ebe00000)
  from space 1536K, 61% used [0x00000000ebe80000,0x00000000ebf6d8a0,0x00000000ec000000)
  to   space 1024K, 0% used [0x00000000ec000000,0x00000000ec000000,0x00000000ec100000)
 ParOldGen       total 68608K, used 34378K [0x00000000c0000000, 0x00000000c4300000, 0x00000000eab00000)
  object space 68608K, 50% used [0x00000000c0000000,0x00000000c2192938,0x00000000c4300000)
 Metaspace       used 53395K, committed 54400K, reserved 1114112K
  class space    used 5725K, committed 6144K, reserved 1048576K
}
Event: 13.826 GC heap before
{Heap before GC invocations=28 (full 2):
 PSYoungGen      total 20992K, used 20406K [0x00000000eab00000, 0x00000000ec100000, 0x0000000100000000)
  eden space 19456K, 100% used [0x00000000eab00000,0x00000000ebe00000,0x00000000ebe00000)
  from space 1536K, 61% used [0x00000000ebe80000,0x00000000ebf6d8a0,0x00000000ec000000)
  to   space 1024K, 0% used [0x00000000ec000000,0x00000000ec000000,0x00000000ec100000)
 ParOldGen       total 68608K, used 34378K [0x00000000c0000000, 0x00000000c4300000, 0x00000000eab00000)
  object space 68608K, 50% used [0x00000000c0000000,0x00000000c2192938,0x00000000c4300000)
 Metaspace       used 53548K, committed 54528K, reserved 1114112K
  class space    used 5737K, committed 6144K, reserved 1048576K
}
Event: 13.827 GC heap after
{Heap after GC invocations=28 (full 2):
 PSYoungGen      total 19968K, used 994K [0x00000000eab00000, 0x00000000ec300000, 0x0000000100000000)
  eden space 18944K, 0% used [0x00000000eab00000,0x00000000eab00000,0x00000000ebd80000)
  from space 1024K, 97% used [0x00000000ec000000,0x00000000ec0f8940,0x00000000ec100000)
  to   space 2560K, 0% used [0x00000000ebd80000,0x00000000ebd80000,0x00000000ec000000)
 ParOldGen       total 68608K, used 35406K [0x00000000c0000000, 0x00000000c4300000, 0x00000000eab00000)
  object space 68608K, 51% used [0x00000000c0000000,0x00000000c2293860,0x00000000c4300000)
 Metaspace       used 53548K, committed 54528K, reserved 1114112K
  class space    used 5737K, committed 6144K, reserved 1048576K
}
Event: 14.996 GC heap before
{Heap before GC invocations=29 (full 2):
 PSYoungGen      total 19968K, used 19938K [0x00000000eab00000, 0x00000000ec300000, 0x0000000100000000)
  eden space 18944K, 100% used [0x00000000eab00000,0x00000000ebd80000,0x00000000ebd80000)
  from space 1024K, 97% used [0x00000000ec000000,0x00000000ec0f8940,0x00000000ec100000)
  to   space 2560K, 0% used [0x00000000ebd80000,0x00000000ebd80000,0x00000000ec000000)
 ParOldGen       total 68608K, used 35406K [0x00000000c0000000, 0x00000000c4300000, 0x00000000eab00000)
  object space 68608K, 51% used [0x00000000c0000000,0x00000000c2293860,0x00000000c4300000)
 Metaspace       used 53581K, committed 54592K, reserved 1114112K
  class space    used 5738K, committed 6144K, reserved 1048576K
}
Event: 14.996 GC heap after
{Heap after GC invocations=29 (full 2):
 PSYoungGen      total 20480K, used 1176K [0x00000000eab00000, 0x00000000ec080000, 0x0000000100000000)
  eden space 18944K, 0% used [0x00000000eab00000,0x00000000eab00000,0x00000000ebd80000)
  from space 1536K, 76% used [0x00000000ebd80000,0x00000000ebea6320,0x00000000ebf00000)
  to   space 1536K, 0% used [0x00000000ebf00000,0x00000000ebf00000,0x00000000ec080000)
 ParOldGen       total 68608K, used 35758K [0x00000000c0000000, 0x00000000c4300000, 0x00000000eab00000)
  object space 68608K, 52% used [0x00000000c0000000,0x00000000c22eb860,0x00000000c4300000)
 Metaspace       used 53581K, committed 54592K, reserved 1114112K
  class space    used 5738K, committed 6144K, reserved 1048576K
}

Dll operation events (10 events):
Event: 0.006 Loaded shared library c:\Users\Javie\.vscode\extensions\redhat.java-1.25.1-win32-x64\jre\17.0.9-win32-x86_64\bin\java.dll
Event: 0.351 Loaded shared library c:\Users\Javie\.vscode\extensions\redhat.java-1.25.1-win32-x64\jre\17.0.9-win32-x86_64\bin\zip.dll
Event: 0.354 Loaded shared library C:\Users\Javie\.vscode\extensions\redhat.java-1.25.1-win32-x64\jre\17.0.9-win32-x86_64\bin\instrument.dll
Event: 0.366 Loaded shared library C:\Users\Javie\.vscode\extensions\redhat.java-1.25.1-win32-x64\jre\17.0.9-win32-x86_64\bin\net.dll
Event: 0.368 Loaded shared library C:\Users\Javie\.vscode\extensions\redhat.java-1.25.1-win32-x64\jre\17.0.9-win32-x86_64\bin\nio.dll
Event: 0.385 Loaded shared library C:\Users\Javie\.vscode\extensions\redhat.java-1.25.1-win32-x64\jre\17.0.9-win32-x86_64\bin\zip.dll
Event: 0.401 Loaded shared library C:\Users\Javie\.vscode\extensions\redhat.java-1.25.1-win32-x64\jre\17.0.9-win32-x86_64\bin\jimage.dll
Event: 0.540 Loaded shared library c:\Users\Javie\.vscode\extensions\redhat.java-1.25.1-win32-x64\jre\17.0.9-win32-x86_64\bin\verify.dll
Event: 2.275 Loaded shared library C:\Users\Javie\AppData\Roaming\Code\User\globalStorage\redhat.java\1.25.1\config_win\org.eclipse.equinox.launcher\org.eclipse.equinox.launcher.win32.win32.x86_64_1.2.800.v20231003-1442\eclipse_11802.dll
Event: 6.122 Loaded shared library C:\Users\Javie\AppData\Local\Temp\jna--1247072160\jna581384020476253498.dll

Deoptimization events (20 events):
Event: 15.013 Thread 0x0000026be1be1810 Uncommon trap: trap_request=0xffffff45 fr.pc=0x0000026bd1f3f5fc relative=0x000000000000025c
Event: 15.013 Thread 0x0000026be1be1810 Uncommon trap: reason=unstable_if action=reinterpret pc=0x0000026bd1f3f5fc method=org.eclipse.jdt.internal.compiler.classfmt.ClassFileStruct.utf8At(II)[C @ 46 c2
Event: 15.013 Thread 0x0000026be1be1810 DEOPT PACKING pc=0x0000026bd1f3f5fc sp=0x000000a3be9fee50
Event: 15.013 Thread 0x0000026be1be1810 DEOPT UNPACKING pc=0x0000026bd16b66a3 sp=0x000000a3be9fede8 mode 2
Event: 15.016 Thread 0x0000026be1be1810 DEOPT PACKING pc=0x0000026bcad9c86c sp=0x000000a3be9ff090
Event: 15.016 Thread 0x0000026be1be1810 DEOPT UNPACKING pc=0x0000026bd16b6e43 sp=0x000000a3be9fe500 mode 0
Event: 15.017 Thread 0x0000026be1be1810 DEOPT PACKING pc=0x0000026bcad9c86c sp=0x000000a3be9fef40
Event: 15.017 Thread 0x0000026be1be1810 DEOPT UNPACKING pc=0x0000026bd16b6e43 sp=0x000000a3be9fe3b0 mode 0
Event: 15.017 Thread 0x0000026be1be1810 DEOPT PACKING pc=0x0000026bcad9c86c sp=0x000000a3be9fed20
Event: 15.017 Thread 0x0000026be1be1810 DEOPT UNPACKING pc=0x0000026bd16b6e43 sp=0x000000a3be9fe1a8 mode 0
Event: 15.017 Thread 0x0000026be1be1810 DEOPT PACKING pc=0x0000026bcad289e3 sp=0x000000a3be9ff010
Event: 15.017 Thread 0x0000026be1be1810 DEOPT UNPACKING pc=0x0000026bd16b6e43 sp=0x000000a3be9fe578 mode 0
Event: 15.244 Thread 0x0000026be1be1810 Uncommon trap: trap_request=0xffffff45 fr.pc=0x0000026bd1fb6060 relative=0x0000000000004ec0
Event: 15.244 Thread 0x0000026be1be1810 Uncommon trap: reason=unstable_if action=reinterpret pc=0x0000026bd1fb6060 method=org.eclipse.jdt.internal.core.search.matching.ConstructorPattern.createIndexKey([CI)[C @ 3 c2
Event: 15.244 Thread 0x0000026be1be1810 DEOPT PACKING pc=0x0000026bd1fb6060 sp=0x000000a3be9ff0a0
Event: 15.244 Thread 0x0000026be1be1810 DEOPT UNPACKING pc=0x0000026bd16b66a3 sp=0x000000a3be9fef88 mode 2
Event: 15.292 Thread 0x0000026be1be1810 DEOPT PACKING pc=0x0000026bcad93705 sp=0x000000a3be9ff050
Event: 15.292 Thread 0x0000026be1be1810 DEOPT UNPACKING pc=0x0000026bd16b6e43 sp=0x000000a3be9fe578 mode 0
Event: 15.519 Thread 0x0000026be1be1810 DEOPT PACKING pc=0x0000026bcada4c93 sp=0x000000a3be9ff010
Event: 15.519 Thread 0x0000026be1be1810 DEOPT UNPACKING pc=0x0000026bd16b6e43 sp=0x000000a3be9fe578 mode 0

Classes unloaded (7 events):
Event: 3.335 Thread 0x0000026bdb200c30 Unloading class 0x000000010024b400 'java/lang/invoke/LambdaForm$MH+0x000000010024b400'
Event: 3.335 Thread 0x0000026bdb200c30 Unloading class 0x000000010024b000 'java/lang/invoke/LambdaForm$MH+0x000000010024b000'
Event: 3.335 Thread 0x0000026bdb200c30 Unloading class 0x000000010024ac00 'java/lang/invoke/LambdaForm$MH+0x000000010024ac00'
Event: 3.335 Thread 0x0000026bdb200c30 Unloading class 0x000000010024a800 'java/lang/invoke/LambdaForm$MH+0x000000010024a800'
Event: 3.335 Thread 0x0000026bdb200c30 Unloading class 0x000000010024a400 'java/lang/invoke/LambdaForm$BMH+0x000000010024a400'
Event: 3.335 Thread 0x0000026bdb200c30 Unloading class 0x000000010024a000 'java/lang/invoke/LambdaForm$DMH+0x000000010024a000'
Event: 3.335 Thread 0x0000026bdb200c30 Unloading class 0x000000010023c400 'java/lang/invoke/LambdaForm$DMH+0x000000010023c400'

Classes redefined (0 events):
No events

Internal exceptions (20 events):
Event: 9.645 Thread 0x0000026be1be03d0 Exception <a 'sun/nio/fs/WindowsException'{0x00000000ebb967f0}> (0x00000000ebb967f0) 
thrown [s\src\hotspot\share\prims\jni.cpp, line 516]
Event: 9.645 Thread 0x0000026be1be03d0 Exception <a 'sun/nio/fs/WindowsException'{0x00000000ebb96f28}> (0x00000000ebb96f28) 
thrown [s\src\hotspot\share\prims\jni.cpp, line 516]
Event: 9.645 Thread 0x0000026be1be03d0 Exception <a 'sun/nio/fs/WindowsException'{0x00000000ebb981e8}> (0x00000000ebb981e8) 
thrown [s\src\hotspot\share\prims\jni.cpp, line 516]
Event: 9.645 Thread 0x0000026be1be03d0 Exception <a 'sun/nio/fs/WindowsException'{0x00000000ebb98908}> (0x00000000ebb98908) 
thrown [s\src\hotspot\share\prims\jni.cpp, line 516]
Event: 10.349 Thread 0x0000026be1be03d0 Exception <a 'java/io/FileNotFoundException'{0x00000000ead1eec0}> (0x00000000ead1eec0) 
thrown [s\src\hotspot\share\prims\jni.cpp, line 516]
Event: 10.400 Thread 0x0000026be1be03d0 Exception <a 'java/io/FileNotFoundException'{0x00000000eb5c2ea8}> (0x00000000eb5c2ea8) 
thrown [s\src\hotspot\share\prims\jni.cpp, line 516]
Event: 10.451 Thread 0x0000026be1be03d0 Exception <a 'java/lang/NoSuchMethodError'{0x00000000eb641580}: 'int java.lang.invoke.DirectMethodHandle$Holder.invokeVirtual(java.lang.Object, java.lang.Object, java.lang.Object)'> (0x00000000eb641580) 
thrown [s\src\hotspot\share\interpreter\linkResolver.cpp, line 759]
Event: 11.660 Thread 0x0000026be1be03d0 Exception <a 'sun/nio/fs/WindowsException'{0x00000000eae44948}> (0x00000000eae44948) 
thrown [s\src\hotspot\share\prims\jni.cpp, line 516]
Event: 11.660 Thread 0x0000026be1be03d0 Exception <a 'sun/nio/fs/WindowsException'{0x00000000eae44dc8}> (0x00000000eae44dc8) 
thrown [s\src\hotspot\share\prims\jni.cpp, line 516]
Event: 11.660 Thread 0x0000026be1be03d0 Exception <a 'sun/nio/fs/WindowsException'{0x00000000eae457f8}> (0x00000000eae457f8) 
thrown [s\src\hotspot\share\prims\jni.cpp, line 516]
Event: 11.660 Thread 0x0000026be1be03d0 Exception <a 'sun/nio/fs/WindowsException'{0x00000000eae45c88}> (0x00000000eae45c88) 
thrown [s\src\hotspot\share\prims\jni.cpp, line 516]
Event: 11.660 Thread 0x0000026be1be03d0 Exception <a 'sun/nio/fs/WindowsException'{0x00000000eae46ca0}> (0x00000000eae46ca0) 
thrown [s\src\hotspot\share\prims\jni.cpp, line 516]
Event: 11.660 Thread 0x0000026be1be03d0 Exception <a 'sun/nio/fs/WindowsException'{0x00000000eae47118}> (0x00000000eae47118) 
thrown [s\src\hotspot\share\prims\jni.cpp, line 516]
Event: 11.728 Thread 0x0000026be1be03d0 Exception <a 'java/io/FileNotFoundException'{0x00000000eb41db08}> (0x00000000eb41db08) 
thrown [s\src\hotspot\share\prims\jni.cpp, line 516]
Event: 11.729 Thread 0x0000026be1be03d0 Exception <a 'java/io/FileNotFoundException'{0x00000000eb41eb60}> (0x00000000eb41eb60) 
thrown [s\src\hotspot\share\prims\jni.cpp, line 516]
Event: 13.306 Thread 0x0000026be1be1810 Exception <a 'sun/nio/fs/WindowsException'{0x00000000ead39420}> (0x00000000ead39420) 
thrown [s\src\hotspot\share\prims\jni.cpp, line 516]
Event: 13.507 Thread 0x0000026be1be1810 Exception <a 'sun/nio/fs/WindowsException'{0x00000000ead515a0}> (0x00000000ead515a0) 
thrown [s\src\hotspot\share\prims\jni.cpp, line 516]
Event: 13.627 Thread 0x0000026be1be1810 Exception <a 'sun/nio/fs/WindowsException'{0x00000000eae5e678}> (0x00000000eae5e678) 
thrown [s\src\hotspot\share\prims\jni.cpp, line 516]
Event: 14.324 Thread 0x0000026be1be1810 Exception <a 'sun/nio/fs/WindowsException'{0x00000000eb45dca8}> (0x00000000eb45dca8) 
thrown [s\src\hotspot\share\prims\jni.cpp, line 516]
Event: 14.571 Thread 0x0000026be1be1810 Exception <a 'sun/nio/fs/WindowsException'{0x00000000eb52f820}> (0x00000000eb52f820) 
thrown [s\src\hotspot\share\prims\jni.cpp, line 516]

VM Operations (20 events):
Event: 10.068 Executing VM operation: ParallelGCFailedAllocation
Event: 10.071 Executing VM operation: ParallelGCFailedAllocation done
Event: 11.595 Executing VM operation: ParallelGCFailedAllocation
Event: 11.597 Executing VM operation: ParallelGCFailedAllocation done
Event: 12.601 Executing VM operation: Cleanup
Event: 12.680 Executing VM operation: Cleanup done
Event: 13.116 Executing VM operation: ParallelGCFailedAllocation
Event: 13.117 Executing VM operation: ParallelGCFailedAllocation done
Event: 13.143 Executing VM operation: HandshakeAllThreads
Event: 13.143 Executing VM operation: HandshakeAllThreads done
Event: 13.144 Executing VM operation: HandshakeAllThreads
Event: 13.144 Executing VM operation: HandshakeAllThreads done
Event: 13.826 Executing VM operation: ParallelGCFailedAllocation
Event: 13.827 Executing VM operation: ParallelGCFailedAllocation done
Event: 14.835 Executing VM operation: Cleanup
Event: 14.853 Executing VM operation: Cleanup done
Event: 14.995 Executing VM operation: ParallelGCFailedAllocation
Event: 14.996 Executing VM operation: ParallelGCFailedAllocation done
Event: 15.126 Executing VM operation: HandshakeAllThreads
Event: 15.137 Executing VM operation: HandshakeAllThreads done

Events (20 events):
Event: 9.382 loading class java/util/concurrent/ForkJoinTask$Aux done
Event: 9.509 Thread 0x0000026be1df42e0 Thread exited: 0x0000026be1df42e0
Event: 10.364 Thread 0x0000026be3906030 Thread added: 0x0000026be3906030
Event: 10.457 loading class java/util/zip/ZipError
Event: 10.457 loading class java/util/zip/ZipError done
Event: 10.487 Thread 0x0000026be2dc2fe0 Thread added: 0x0000026be2dc2fe0
Event: 10.583 Thread 0x0000026be3906030 Thread exited: 0x0000026be3906030
Event: 11.727 loading class java/util/WeakHashMap$KeyIterator
Event: 11.727 loading class java/util/WeakHashMap$KeyIterator done
Event: 12.432 Thread 0x0000026be456f5f0 Thread added: 0x0000026be456f5f0
Event: 13.350 Thread 0x0000026be456f5f0 Thread exited: 0x0000026be456f5f0
Event: 13.747 Thread 0x0000026be1003d90 Thread added: 0x0000026be1003d90
Event: 14.050 Thread 0x0000026be1003d90 Thread exited: 0x0000026be1003d90
Event: 14.692 Thread 0x0000026be1003d90 Thread added: 0x0000026be1003d90
Event: 14.816 Thread 0x0000026be1003d90 Thread exited: 0x0000026be1003d90
Event: 15.018 Thread 0x0000026be1003d90 Thread added: 0x0000026be1003d90
Event: 15.138 Thread 0x0000026be0590df0 flushing nmethod 0x0000026bd1dbf990
Event: 15.138 Thread 0x0000026be0590df0 flushing nmethod 0x0000026bd1e10490
Event: 15.138 Thread 0x0000026be0590df0 flushing nmethod 0x0000026bd1e85790
Event: 15.142 Thread 0x0000026be0590df0 flushing nmethod 0x0000026bca946e10


Dynamic libraries:
0x00007ff7be610000 - 0x00007ff7be61e000 	c:\Users\Javie\.vscode\extensions\redhat.java-1.25.1-win32-x64\jre\17.0.9-win32-x86_64\bin\java.exe
0x00007ffdb28d0000 - 0x00007ffdb2ac8000 	C:\Windows\SYSTEM32\ntdll.dll
0x00007ffdb0930000 - 0x00007ffdb09ef000 	C:\Windows\System32\KERNEL32.DLL
0x00007ffdaffb0000 - 0x00007ffdb02a6000 	C:\Windows\System32\KERNELBASE.dll
0x00007ffdb02b0000 - 0x00007ffdb03b0000 	C:\Windows\System32\ucrtbase.dll
0x00007ffdac7c0000 - 0x00007ffdac7d7000 	c:\Users\Javie\.vscode\extensions\redhat.java-1.25.1-win32-x64\jre\17.0.9-win32-x86_64\bin\jli.dll
0x00007ffdb21d0000 - 0x00007ffdb236d000 	C:\Windows\System32\USER32.dll
0x00007ffdb0890000 - 0x00007ffdb08b2000 	C:\Windows\System32\win32u.dll
0x00007ffdb2370000 - 0x00007ffdb239c000 	C:\Windows\System32\GDI32.dll
0x00007ffdb0770000 - 0x00007ffdb0885000 	C:\Windows\System32\gdi32full.dll
0x00007ffdb03b0000 - 0x00007ffdb044d000 	C:\Windows\System32\msvcp_win.dll
0x00007ffdaa0d0000 - 0x00007ffdaa0eb000 	c:\Users\Javie\.vscode\extensions\redhat.java-1.25.1-win32-x64\jre\17.0.9-win32-x86_64\bin\VCRUNTIME140.dll
0x00007ffd96be0000 - 0x00007ffd96e7a000 	C:\Windows\WinSxS\amd64_microsoft.windows.common-controls_6595b64144ccf1df_6.0.19041.1110_none_60b5254171f9507e\COMCTL32.dll
0x00007ffdb2700000 - 0x00007ffdb279e000 	C:\Windows\System32\msvcrt.dll
0x00007ffdb26d0000 - 0x00007ffdb2700000 	C:\Windows\System32\IMM32.DLL
0x00007ffdad090000 - 0x00007ffdad09c000 	c:\Users\Javie\.vscode\extensions\redhat.java-1.25.1-win32-x64\jre\17.0.9-win32-x86_64\bin\vcruntime140_1.dll
0x00007ffd8f670000 - 0x00007ffd8f6fd000 	c:\Users\Javie\.vscode\extensions\redhat.java-1.25.1-win32-x64\jre\17.0.9-win32-x86_64\bin\msvcp140.dll
0x00007ffd74f80000 - 0x00007ffd75be1000 	c:\Users\Javie\.vscode\extensions\redhat.java-1.25.1-win32-x64\jre\17.0.9-win32-x86_64\bin\server\jvm.dll
0x00007ffdb09f0000 - 0x00007ffdb0a9f000 	C:\Windows\System32\ADVAPI32.dll
0x00007ffdb2600000 - 0x00007ffdb269c000 	C:\Windows\System32\sechost.dll
0x00007ffdb1ab0000 - 0x00007ffdb1bd6000 	C:\Windows\System32\RPCRT4.dll
0x00007ffdafd60000 - 0x00007ffdafdab000 	C:\Windows\SYSTEM32\POWRPROF.dll
0x00007ffdac8b0000 - 0x00007ffdac8b9000 	C:\Windows\SYSTEM32\WSOCK32.dll
0x00007ffdb1da0000 - 0x00007ffdb1e0b000 	C:\Windows\System32\WS2_32.dll
0x00007ffda5e60000 - 0x00007ffda5e87000 	C:\Windows\SYSTEM32\WINMM.dll
0x00007ffdade00000 - 0x00007ffdade0a000 	C:\Windows\SYSTEM32\VERSION.dll
0x00007ffdafd40000 - 0x00007ffdafd52000 	C:\Windows\SYSTEM32\UMPDC.dll
0x00007ffdae050000 - 0x00007ffdae062000 	C:\Windows\SYSTEM32\kernel.appcore.dll
0x00007ffdad010000 - 0x00007ffdad01a000 	c:\Users\Javie\.vscode\extensions\redhat.java-1.25.1-win32-x64\jre\17.0.9-win32-x86_64\bin\jimage.dll
0x00007ffda2ce0000 - 0x00007ffda2ec4000 	C:\Windows\SYSTEM32\DBGHELP.DLL
0x00007ffda0690000 - 0x00007ffda06c4000 	C:\Windows\SYSTEM32\dbgcore.DLL
0x00007ffdb0530000 - 0x00007ffdb05b2000 	C:\Windows\System32\bcryptPrimitives.dll
0x00007ffdaca90000 - 0x00007ffdaca9e000 	c:\Users\Javie\.vscode\extensions\redhat.java-1.25.1-win32-x64\jre\17.0.9-win32-x86_64\bin\instrument.dll
0x00007ffd9d300000 - 0x00007ffd9d325000 	c:\Users\Javie\.vscode\extensions\redhat.java-1.25.1-win32-x64\jre\17.0.9-win32-x86_64\bin\java.dll
0x00007ffda87b0000 - 0x00007ffda87c8000 	c:\Users\Javie\.vscode\extensions\redhat.java-1.25.1-win32-x64\jre\17.0.9-win32-x86_64\bin\zip.dll
0x00007ffdb0b60000 - 0x00007ffdb12a4000 	C:\Windows\System32\SHELL32.dll
0x00007ffdae070000 - 0x00007ffdae803000 	C:\Windows\SYSTEM32\windows.storage.dll
0x00007ffdb1e70000 - 0x00007ffdb21c4000 	C:\Windows\System32\combase.dll
0x00007ffdaf980000 - 0x00007ffdaf9ae000 	C:\Windows\SYSTEM32\Wldp.dll
0x00007ffdb0aa0000 - 0x00007ffdb0b4d000 	C:\Windows\System32\SHCORE.dll
0x00007ffdb2830000 - 0x00007ffdb2885000 	C:\Windows\System32\shlwapi.dll
0x00007ffdafee0000 - 0x00007ffdaff05000 	C:\Windows\SYSTEM32\profapi.dll
0x00007ffd95b50000 - 0x00007ffd95b69000 	C:\Users\Javie\.vscode\extensions\redhat.java-1.25.1-win32-x64\jre\17.0.9-win32-x86_64\bin\net.dll
0x00007ffda7f20000 - 0x00007ffda802a000 	C:\Windows\SYSTEM32\WINHTTP.dll
0x00007ffdaf680000 - 0x00007ffdaf6ea000 	C:\Windows\system32\mswsock.dll
0x00007ffd95b30000 - 0x00007ffd95b46000 	C:\Users\Javie\.vscode\extensions\redhat.java-1.25.1-win32-x64\jre\17.0.9-win32-x86_64\bin\nio.dll
0x00007ffdac9f0000 - 0x00007ffdaca00000 	c:\Users\Javie\.vscode\extensions\redhat.java-1.25.1-win32-x64\jre\17.0.9-win32-x86_64\bin\verify.dll
0x00007ffd8eee0000 - 0x00007ffd8ef1e000 	C:\Users\Javie\AppData\Roaming\Code\User\globalStorage\redhat.java\1.25.1\config_win\org.eclipse.equinox.launcher\org.eclipse.equinox.launcher.win32.win32.x86_64_1.2.800.v20231003-1442\eclipse_11802.dll
0x00007ffdb23a0000 - 0x00007ffdb24ca000 	C:\Windows\System32\ole32.dll
0x00007ffdaf870000 - 0x00007ffdaf888000 	C:\Windows\SYSTEM32\CRYPTSP.dll
0x00007ffdaef90000 - 0x00007ffdaefc4000 	C:\Windows\system32\rsaenh.dll
0x00007ffdb0450000 - 0x00007ffdb0477000 	C:\Windows\System32\bcrypt.dll
0x00007ffdafea0000 - 0x00007ffdafece000 	C:\Windows\SYSTEM32\USERENV.dll
0x00007ffdaf890000 - 0x00007ffdaf89c000 	C:\Windows\SYSTEM32\CRYPTBASE.dll
0x00007ffdaf370000 - 0x00007ffdaf3ab000 	C:\Windows\SYSTEM32\IPHLPAPI.DLL
0x00007ffdb1be0000 - 0x00007ffdb1be8000 	C:\Windows\System32\NSI.dll
0x00007ffda6910000 - 0x00007ffda6927000 	C:\Windows\SYSTEM32\dhcpcsvc6.DLL
0x00007ffda7e60000 - 0x00007ffda7e7d000 	C:\Windows\SYSTEM32\dhcpcsvc.DLL
0x00007ffdaf3b0000 - 0x00007ffdaf47a000 	C:\Windows\SYSTEM32\DNSAPI.dll
0x00007ffd8ee40000 - 0x00007ffd8ee85000 	C:\Users\Javie\AppData\Local\Temp\jna--1247072160\jna581384020476253498.dll
0x00007ffdb0b50000 - 0x00007ffdb0b58000 	C:\Windows\System32\PSAPI.DLL

dbghelp: loaded successfully - version: 4.0.5 - missing functions: none
symbol engine: initialized successfully - sym options: 0x614 - pdb path: .;c:\Users\Javie\.vscode\extensions\redhat.java-1.25.1-win32-x64\jre\17.0.9-win32-x86_64\bin;C:\Windows\SYSTEM32;C:\Windows\WinSxS\amd64_microsoft.windows.common-controls_6595b64144ccf1df_6.0.19041.1110_none_60b5254171f9507e;c:\Users\Javie\.vscode\extensions\redhat.java-1.25.1-win32-x64\jre\17.0.9-win32-x86_64\bin\server;C:\Users\Javie\AppData\Roaming\Code\User\globalStorage\redhat.java\1.25.1\config_win\org.eclipse.equinox.launcher\org.eclipse.equinox.launcher.win32.win32.x86_64_1.2.800.v20231003-1442;C:\Users\Javie\AppData\Local\Temp\jna--1247072160

VM Arguments:
jvm_args: --add-modules=ALL-SYSTEM --add-opens=java.base/java.util=ALL-UNNAMED --add-opens=java.base/java.lang=ALL-UNNAMED --add-opens=java.base/sun.nio.fs=ALL-UNNAMED -Declipse.application=org.eclipse.jdt.ls.core.id1 -Dosgi.bundles.defaultStartLevel=4 -Declipse.product=org.eclipse.jdt.ls.core.product -Djava.import.generatesMetadataFilesAtProjectRoot=false -DDetectVMInstallationsJob.disabled=true -Dfile.encoding=utf8 -XX:+UseParallelGC -XX:GCTimeRatio=4 -XX:AdaptiveSizePolicyWeight=90 -Dsun.zip.disableMemoryMapping=true -Xmx1G -Xms100m -Xlog:disable -javaagent:c:\Users\Javie\.vscode\extensions\redhat.java-1.25.1-win32-x64\lombok\lombok-1.18.30.jar -XX:+HeapDumpOnOutOfMemoryError -XX:HeapDumpPath=c:\Users\Javie\AppData\Roaming\Code\User\workspaceStorage\58d5f3f53bd9d1d299ecd7e67829268f\redhat.java -Daether.dependencyCollector.impl=bf 
java_command: c:\Users\Javie\.vscode\extensions\redhat.java-1.25.1-win32-x64\server\plugins\org.eclipse.equinox.launcher_1.6.600.v20231106-1826.jar -configuration c:\Users\Javie\AppData\Roaming\Code\User\globalStorage\redhat.java\1.25.1\config_win -data c:\Users\Javie\AppData\Roaming\Code\User\workspaceStorage\58d5f3f53bd9d1d299ecd7e67829268f\redhat.java\jdt_ws --stdio
java_class_path (initial): c:\Users\Javie\.vscode\extensions\redhat.java-1.25.1-win32-x64\server\plugins\org.eclipse.equinox.launcher_1.6.600.v20231106-1826.jar
Launcher Type: SUN_STANDARD

[Global flags]
    uintx AdaptiveSizePolicyWeight                 = 90                                        {product} {command line}
     intx CICompilerCount                          = 3                                         {product} {ergonomic}
    uintx GCTimeRatio                              = 4                                         {product} {command line}
     bool HeapDumpOnOutOfMemoryError               = true                                   {manageable} {command line}
    ccstr HeapDumpPath                             = c:\Users\Javie\AppData\Roaming\Code\User\workspaceStorage\58d5f3f53bd9d1d299ecd7e67829268f\redhat.java         {manageable} {command line}
   size_t InitialHeapSize                          = 104857600                                 {product} {command line}
   size_t MaxHeapSize                              = 1073741824                                {product} {command line}
   size_t MaxNewSize                               = 357564416                                 {product} {ergonomic}
   size_t MinHeapDeltaBytes                        = 524288                                    {product} {ergonomic}
   size_t MinHeapSize                              = 104857600                                 {product} {command line}
   size_t NewSize                                  = 34603008                                  {product} {ergonomic}
    uintx NonNMethodCodeHeapSize                   = 5832780                                {pd product} {ergonomic}
    uintx NonProfiledCodeHeapSize                  = 122912730                              {pd product} {ergonomic}
   size_t OldSize                                  = 70254592                                  {product} {ergonomic}
    uintx ProfiledCodeHeapSize                     = 122912730                              {pd product} {ergonomic}
    uintx ReservedCodeCacheSize                    = 251658240                              {pd product} {ergonomic}
     bool SegmentedCodeCache                       = true                                      {product} {ergonomic}
   size_t SoftMaxHeapSize                          = 1073741824                             {manageable} {ergonomic}
     bool UseCompressedClassPointers               = true                           {product lp64_product} {ergonomic}
     bool UseCompressedOops                        = true                           {product lp64_product} {ergonomic}
     bool UseLargePagesIndividualAllocation        = false                                  {pd product} {ergonomic}
     bool UseParallelGC                            = true                                      {product} {command line}

Logging:
Log output configuration:
 #0: stdout all=off uptime,level,tags
 #1: stderr all=off uptime,level,tags

Environment Variables:
PATH=C:\Program Files\Common Files\Oracle\Java\javapath;C:\Windows\system32;C:\Windows;C:\Windows\System32\Wbem;C:\Windows\System32\WindowsPowerShell\v1.0\;C:\Windows\System32\OpenSSH\;C:\Program Files\Git\cmd;C:\Program Files\nodejs\;C:\Program Files\Java\jdk-17\bin;C:\Program Files\MySQL\MySQL Shell 8.0\bin\;C:\Users\Javie\.console-ninja\.bin;C:\Users\Javie\AppData\Local\Microsoft\WindowsApps;C:\Users\Javie\AppData\Local\Programs\Microsoft VS Code\bin;C:\Users\Javie\AppData\Local\GitHubDesktop\bin;C:\Users\Javie\AppData\Roaming\npm;
USERNAME=Rosalba
OS=Windows_NT
PROCESSOR_IDENTIFIER=AMD64 Family 23 Model 24 Stepping 1, AuthenticAMD
TMP=C:\Users\Javie\AppData\Local\Temp
TEMP=C:\Users\Javie\AppData\Local\Temp



Periodic native trim disabled


---------------  S Y S T E M  ---------------

OS:
 Windows 10 , 64 bit Build 19041 (10.0.19041.3155)
OS uptime: 16 days 2:21 hours

CPU: total 4 (initial active 4) (4 cores per cpu, 1 threads per core) family 23 model 24 stepping 1 microcode 0x0, cx8, cmov, fxsr, mmx, 3dnowpref, sse, sse2, sse3, ssse3, sse4a, sse4.1, sse4.2, popcnt, lzcnt, tsc, tscinvbit, avx, avx2, aes, clmul, bmi1, bmi2, adx, sha, fma, vzeroupper, clflush, clflushopt
Processor Information for all 4 processors :
  Max Mhz: 3600, Current Mhz: 3600, Mhz Limit: 3600

Memory: 4k page, system-wide physical 14270M (2707M free)
TotalPageFile size 57278M (AvailPageFile size 12M)
current process WorkingSet (physical memory assigned to process): 217M, peak: 217M
current process commit charge ("private bytes"): 279M, peak: 282M

vm_info: OpenJDK 64-Bit Server VM (17.0.9+9) for windows-amd64 JRE (17.0.9+9), built on Oct 26 2023 14:01:42 by "admin" with MS VC++ 16.10 / 16.11 (VS2019)

END.
