#
# There is insufficient memory for the Java Runtime Environment to continue.
# Native memory allocation (malloc) failed to allocate 100336 bytes for Chunk::new
# Possible reasons:
#   The system is out of physical RAM or swap space
#   The process is running with CompressedOops enabled, and the Java Heap may be blocking the growth of the native heap
# Possible solutions:
#   Reduce memory load on the system
#   Increase physical memory or swap space
#   Check if swap backing store is full
#   Decrease Java heap size (-Xmx/-Xms)
#   Decrease number of Java threads
#   Decrease Java thread stack sizes (-Xss)
#   Set larger code cache with -XX:ReservedCodeCacheSize=
#   JVM is running with Zero Based Compressed Oops mode in which the Java heap is
#     placed in the first 32GB address space. The Java Heap base address is the
#     maximum limit for the native heap growth. Please use -XX:HeapBaseMinAddress
#     to set the Java Heap base and to place the Java Heap above 32GB virtual address.
# This output file may be truncated or incomplete.
#
#  Out of Memory Error (arena.cpp:191), pid=15776, tid=14152
#
# JRE version: OpenJDK Runtime Environment Temurin-17.0.9+9 (17.0.9+9) (build 17.0.9+9)
# Java VM: OpenJDK 64-Bit Server VM Temurin-17.0.9+9 (17.0.9+9, mixed mode, tiered, compressed oops, compressed class ptrs, g1 gc, windows-amd64)
# No core dump will be written. Minidumps are not enabled by default on client versions of Windows
#

---------------  S U M M A R Y ------------

Command Line: --add-opens=java.base/java.lang=ALL-UNNAMED --add-opens=java.base/java.io=ALL-UNNAMED --add-opens=java.base/java.util=ALL-UNNAMED -Dplugin.dir=c:\Users\Javie\.vscode\extensions\vscjava.vscode-gradle-3.13.5\server\plugins com.microsoft.java.bs.core.Launcher

Host: AMD Ryzen 3 3200G with Radeon Vega Graphics    , 4 cores, 13G,  Windows 10 , 64 bit Build 19041 (10.0.19041.3155)
Time: Tue Dec 12 18:49:15 2023 Hora estándar central (México) elapsed time: 14.725574 seconds (0d 0h 0m 14s)

---------------  T H R E A D  ---------------

Current thread (0x0000026e5031e5f0):  JavaThread "C2 CompilerThread0" daemon [_thread_in_native, id=14152, stack(0x000000aaecb00000,0x000000aaecc00000)]


Current CompileTask:
C2:  14725 1612       4       java.util.zip.ZipFile$Source::initCEN (591 bytes)

Stack: [0x000000aaecb00000,0x000000aaecc00000]
Native frames: (J=compiled Java code, j=interpreted, Vv=VM code, C=native code)
V  [jvm.dll+0x67cf49]
V  [jvm.dll+0x83478a]
V  [jvm.dll+0x83624e]
V  [jvm.dll+0x8368b3]
V  [jvm.dll+0x247f1f]
V  [jvm.dll+0xac43c]
V  [jvm.dll+0xaca8c]
V  [jvm.dll+0x566da3]
V  [jvm.dll+0x3313e9]
V  [jvm.dll+0x33085a]
V  [jvm.dll+0x21a5b1]
V  [jvm.dll+0x2199d1]
V  [jvm.dll+0x1a57cd]
V  [jvm.dll+0x2297ae]
V  [jvm.dll+0x22797c]
V  [jvm.dll+0x7e9877]
V  [jvm.dll+0x7e3c3a]
V  [jvm.dll+0x67be35]
C  [ucrtbase.dll+0x21bb2]
C  [KERNEL32.DLL+0x17614]
C  [ntdll.dll+0x526b1]


---------------  P R O C E S S  ---------------

Threads class SMR info:
_java_thread_list=0x0000026e55f1eab0, length=16, elements={
0x0000026e50332730, 0x0000026e50333de0, 0x0000026e50318070, 0x0000026e50318b40,
0x0000026e5031b920, 0x0000026e5031d1a0, 0x0000026e5031e5f0, 0x0000026e50356020,
0x0000026e503590e0, 0x0000026e504c5d80, 0x0000026e504c6480, 0x0000026e552bf280,
0x0000026e33ccb320, 0x0000026e55280ed0, 0x0000026e55482070, 0x0000026e554a7b90
}

Java Threads: ( => current thread )
  0x0000026e50332730 JavaThread "Reference Handler" daemon [_thread_blocked, id=15688, stack(0x000000aaec500000,0x000000aaec600000)]
  0x0000026e50333de0 JavaThread "Finalizer" daemon [_thread_blocked, id=14684, stack(0x000000aaec600000,0x000000aaec700000)]
  0x0000026e50318070 JavaThread "Signal Dispatcher" daemon [_thread_blocked, id=10288, stack(0x000000aaec700000,0x000000aaec800000)]
  0x0000026e50318b40 JavaThread "Attach Listener" daemon [_thread_blocked, id=1988, stack(0x000000aaec800000,0x000000aaec900000)]
  0x0000026e5031b920 JavaThread "Service Thread" daemon [_thread_blocked, id=11028, stack(0x000000aaec900000,0x000000aaeca00000)]
  0x0000026e5031d1a0 JavaThread "Monitor Deflation Thread" daemon [_thread_blocked, id=10628, stack(0x000000aaeca00000,0x000000aaecb00000)]
=>0x0000026e5031e5f0 JavaThread "C2 CompilerThread0" daemon [_thread_in_native, id=14152, stack(0x000000aaecb00000,0x000000aaecc00000)]
  0x0000026e50356020 JavaThread "C1 CompilerThread0" daemon [_thread_blocked, id=14784, stack(0x000000aaecc00000,0x000000aaecd00000)]
  0x0000026e503590e0 JavaThread "Sweeper thread" daemon [_thread_blocked, id=15036, stack(0x000000aaecd00000,0x000000aaece00000)]
  0x0000026e504c5d80 JavaThread "Common-Cleaner" daemon [_thread_blocked, id=12592, stack(0x000000aaece00000,0x000000aaecf00000)]
  0x0000026e504c6480 JavaThread "Notification Thread" daemon [_thread_blocked, id=6192, stack(0x000000aaecf00000,0x000000aaed000000)]
  0x0000026e552bf280 JavaThread "pool-1-thread-1" [_thread_in_native, id=2172, stack(0x000000aaed200000,0x000000aaed300000)]
  0x0000026e33ccb320 JavaThread "DestroyJavaVM" [_thread_blocked, id=7260, stack(0x000000aaebe00000,0x000000aaebf00000)]
  0x0000026e55280ed0 JavaThread "ForkJoinPool.commonPool-worker-1" daemon [_thread_blocked, id=15304, stack(0x000000aaed300000,0x000000aaed400000)]
  0x0000026e55482070 JavaThread "Connection worker" daemon [_thread_in_native, id=16032, stack(0x000000aaed800000,0x000000aaed900000)]
  0x0000026e554a7b90 JavaThread "ForkJoinPool.commonPool-worker-2" daemon [_thread_blocked, id=3504, stack(0x000000aaed900000,0x000000aaeda00000)]

Other Threads:
  0x0000026e502c81d0 VMThread "VM Thread" [stack: 0x000000aaec400000,0x000000aaec500000] [id=12424]
  0x0000026e504c6960 WatcherThread [stack: 0x000000aaed000000,0x000000aaed100000] [id=9120]
  0x0000026e33d2ad40 GCTaskThread "GC Thread#0" [stack: 0x000000aaebf00000,0x000000aaec000000] [id=6352]
  0x0000026e553205c0 GCTaskThread "GC Thread#1" [stack: 0x000000aaed400000,0x000000aaed500000] [id=9448]
  0x0000026e55320c90 GCTaskThread "GC Thread#2" [stack: 0x000000aaed500000,0x000000aaed600000] [id=8136]
  0x0000026e55324f60 GCTaskThread "GC Thread#3" [stack: 0x000000aaed600000,0x000000aaed700000] [id=7424]
  0x0000026e33d39aa0 ConcurrentGCThread "G1 Main Marker" [stack: 0x000000aaec000000,0x000000aaec100000] [id=16000]
  0x0000026e33d3a3d0 ConcurrentGCThread "G1 Conc#0" [stack: 0x000000aaec100000,0x000000aaec200000] [id=4644]
  0x0000026e33d79b20 ConcurrentGCThread "G1 Refine#0" [stack: 0x000000aaec200000,0x000000aaec300000] [id=9576]
  0x0000026e55325a30 ConcurrentGCThread "G1 Refine#1" [stack: 0x000000aaed700000,0x000000aaed800000] [id=13688]
  0x0000026e33d7a460 ConcurrentGCThread "G1 Service" [stack: 0x000000aaec300000,0x000000aaec400000] [id=11684]

Threads with active compile tasks:
C2 CompilerThread0    14800 1612       4       java.util.zip.ZipFile$Source::initCEN (591 bytes)

VM state: not at safepoint (normal execution)

VM Mutex/Monitor currently owned by a thread: None

Heap address: 0x0000000721000000, size: 3568 MB, Compressed Oops mode: Zero based, Oop shift amount: 3

CDS archive(s) not mapped
Compressed class space mapped at: 0x0000000800000000-0x0000000840000000, reserved size: 1073741824
Narrow klass base: 0x0000000800000000, Narrow klass shift: 0, Narrow klass range: 0x40000000

GC Precious Log:
 CPUs: 4 total, 4 available
 Memory: 14270M
 Large Page Support: Disabled
 NUMA Support: Disabled
 Compressed Oops: Enabled (Zero based)
 Heap Region Size: 2M
 Heap Min Capacity: 8M
 Heap Initial Capacity: 224M
 Heap Max Capacity: 3568M
 Pre-touch: Disabled
 Parallel Workers: 4
 Concurrent Workers: 1
 Concurrent Refinement Workers: 4
 Periodic GC: Disabled

Heap:
 garbage-first heap   total 229376K, used 27991K [0x0000000721000000, 0x0000000800000000)
  region size 2048K, 11 young (22528K), 2 survivors (4096K)
 Metaspace       used 16586K, committed 16768K, reserved 1114112K
  class space    used 1914K, committed 2048K, reserved 1048576K

Heap Regions: E=young(eden), S=young(survivor), O=old, HS=humongous(starts), HC=humongous(continues), CS=collection set, F=free, OA=open archive, CA=closed archive, TAMS=top-at-mark-start (previous, next)
|   0|0x0000000721000000, 0x0000000721200000, 0x0000000721200000|100%| O|  |TAMS 0x0000000721000000, 0x0000000721000000| Untracked 
|   1|0x0000000721200000, 0x0000000721400000, 0x0000000721400000|100%|HS|  |TAMS 0x0000000721200000, 0x0000000721200000| Complete 
|   2|0x0000000721400000, 0x0000000721600000, 0x0000000721600000|100%|HC|  |TAMS 0x0000000721400000, 0x0000000721400000| Complete 
|   3|0x0000000721600000, 0x0000000721800000, 0x0000000721800000|100%| O|  |TAMS 0x0000000721600000, 0x0000000721600000| Untracked 
|   4|0x0000000721800000, 0x0000000721958800, 0x0000000721a00000| 67%| O|  |TAMS 0x0000000721800000, 0x0000000721800000| Untracked 
|   5|0x0000000721a00000, 0x0000000721a00000, 0x0000000721c00000|  0%| F|  |TAMS 0x0000000721a00000, 0x0000000721a00000| Untracked 
|   6|0x0000000721c00000, 0x0000000721c00000, 0x0000000721e00000|  0%| F|  |TAMS 0x0000000721c00000, 0x0000000721c00000| Untracked 
|   7|0x0000000721e00000, 0x0000000721e00000, 0x0000000722000000|  0%| F|  |TAMS 0x0000000721e00000, 0x0000000721e00000| Untracked 
|   8|0x0000000722000000, 0x0000000722000000, 0x0000000722200000|  0%| F|  |TAMS 0x0000000722000000, 0x0000000722000000| Untracked 
|   9|0x0000000722200000, 0x0000000722200000, 0x0000000722400000|  0%| F|  |TAMS 0x0000000722200000, 0x0000000722200000| Untracked 
|  10|0x0000000722400000, 0x0000000722400000, 0x0000000722600000|  0%| F|  |TAMS 0x0000000722400000, 0x0000000722400000| Untracked 
|  11|0x0000000722600000, 0x0000000722600000, 0x0000000722800000|  0%| F|  |TAMS 0x0000000722600000, 0x0000000722600000| Untracked 
|  12|0x0000000722800000, 0x0000000722800000, 0x0000000722a00000|  0%| F|  |TAMS 0x0000000722800000, 0x0000000722800000| Untracked 
|  13|0x0000000722a00000, 0x0000000722a00000, 0x0000000722c00000|  0%| F|  |TAMS 0x0000000722a00000, 0x0000000722a00000| Untracked 
|  14|0x0000000722c00000, 0x0000000722c00000, 0x0000000722e00000|  0%| F|  |TAMS 0x0000000722c00000, 0x0000000722c00000| Untracked 
|  15|0x0000000722e00000, 0x0000000722e00000, 0x0000000723000000|  0%| F|  |TAMS 0x0000000722e00000, 0x0000000722e00000| Untracked 
|  16|0x0000000723000000, 0x0000000723000000, 0x0000000723200000|  0%| F|  |TAMS 0x0000000723000000, 0x0000000723000000| Untracked 
|  17|0x0000000723200000, 0x0000000723200000, 0x0000000723400000|  0%| F|  |TAMS 0x0000000723200000, 0x0000000723200000| Untracked 
|  18|0x0000000723400000, 0x0000000723400000, 0x0000000723600000|  0%| F|  |TAMS 0x0000000723400000, 0x0000000723400000| Untracked 
|  19|0x0000000723600000, 0x0000000723600000, 0x0000000723800000|  0%| F|  |TAMS 0x0000000723600000, 0x0000000723600000| Untracked 
|  20|0x0000000723800000, 0x0000000723800000, 0x0000000723a00000|  0%| F|  |TAMS 0x0000000723800000, 0x0000000723800000| Untracked 
|  21|0x0000000723a00000, 0x0000000723a00000, 0x0000000723c00000|  0%| F|  |TAMS 0x0000000723a00000, 0x0000000723a00000| Untracked 
|  22|0x0000000723c00000, 0x0000000723c00000, 0x0000000723e00000|  0%| F|  |TAMS 0x0000000723c00000, 0x0000000723c00000| Untracked 
|  23|0x0000000723e00000, 0x0000000723e00000, 0x0000000724000000|  0%| F|  |TAMS 0x0000000723e00000, 0x0000000723e00000| Untracked 
|  24|0x0000000724000000, 0x0000000724000000, 0x0000000724200000|  0%| F|  |TAMS 0x0000000724000000, 0x0000000724000000| Untracked 
|  25|0x0000000724200000, 0x0000000724200000, 0x0000000724400000|  0%| F|  |TAMS 0x0000000724200000, 0x0000000724200000| Untracked 
|  26|0x0000000724400000, 0x0000000724400000, 0x0000000724600000|  0%| F|  |TAMS 0x0000000724400000, 0x0000000724400000| Untracked 
|  27|0x0000000724600000, 0x0000000724600000, 0x0000000724800000|  0%| F|  |TAMS 0x0000000724600000, 0x0000000724600000| Untracked 
|  28|0x0000000724800000, 0x0000000724800000, 0x0000000724a00000|  0%| F|  |TAMS 0x0000000724800000, 0x0000000724800000| Untracked 
|  29|0x0000000724a00000, 0x0000000724a00000, 0x0000000724c00000|  0%| F|  |TAMS 0x0000000724a00000, 0x0000000724a00000| Untracked 
|  30|0x0000000724c00000, 0x0000000724c00000, 0x0000000724e00000|  0%| F|  |TAMS 0x0000000724c00000, 0x0000000724c00000| Untracked 
|  31|0x0000000724e00000, 0x0000000724e00000, 0x0000000725000000|  0%| F|  |TAMS 0x0000000724e00000, 0x0000000724e00000| Untracked 
|  32|0x0000000725000000, 0x0000000725000000, 0x0000000725200000|  0%| F|  |TAMS 0x0000000725000000, 0x0000000725000000| Untracked 
|  33|0x0000000725200000, 0x0000000725200000, 0x0000000725400000|  0%| F|  |TAMS 0x0000000725200000, 0x0000000725200000| Untracked 
|  34|0x0000000725400000, 0x0000000725400000, 0x0000000725600000|  0%| F|  |TAMS 0x0000000725400000, 0x0000000725400000| Untracked 
|  35|0x0000000725600000, 0x0000000725600000, 0x0000000725800000|  0%| F|  |TAMS 0x0000000725600000, 0x0000000725600000| Untracked 
|  36|0x0000000725800000, 0x0000000725800000, 0x0000000725a00000|  0%| F|  |TAMS 0x0000000725800000, 0x0000000725800000| Untracked 
|  37|0x0000000725a00000, 0x0000000725a00000, 0x0000000725c00000|  0%| F|  |TAMS 0x0000000725a00000, 0x0000000725a00000| Untracked 
|  38|0x0000000725c00000, 0x0000000725c00000, 0x0000000725e00000|  0%| F|  |TAMS 0x0000000725c00000, 0x0000000725c00000| Untracked 
|  39|0x0000000725e00000, 0x0000000725e00000, 0x0000000726000000|  0%| F|  |TAMS 0x0000000725e00000, 0x0000000725e00000| Untracked 
|  40|0x0000000726000000, 0x0000000726000000, 0x0000000726200000|  0%| F|  |TAMS 0x0000000726000000, 0x0000000726000000| Untracked 
|  41|0x0000000726200000, 0x0000000726200000, 0x0000000726400000|  0%| F|  |TAMS 0x0000000726200000, 0x0000000726200000| Untracked 
|  42|0x0000000726400000, 0x0000000726400000, 0x0000000726600000|  0%| F|  |TAMS 0x0000000726400000, 0x0000000726400000| Untracked 
|  43|0x0000000726600000, 0x0000000726600000, 0x0000000726800000|  0%| F|  |TAMS 0x0000000726600000, 0x0000000726600000| Untracked 
|  44|0x0000000726800000, 0x0000000726800000, 0x0000000726a00000|  0%| F|  |TAMS 0x0000000726800000, 0x0000000726800000| Untracked 
|  45|0x0000000726a00000, 0x0000000726a00000, 0x0000000726c00000|  0%| F|  |TAMS 0x0000000726a00000, 0x0000000726a00000| Untracked 
|  46|0x0000000726c00000, 0x0000000726c00000, 0x0000000726e00000|  0%| F|  |TAMS 0x0000000726c00000, 0x0000000726c00000| Untracked 
|  47|0x0000000726e00000, 0x0000000726e00000, 0x0000000727000000|  0%| F|  |TAMS 0x0000000726e00000, 0x0000000726e00000| Untracked 
|  48|0x0000000727000000, 0x0000000727000000, 0x0000000727200000|  0%| F|  |TAMS 0x0000000727000000, 0x0000000727000000| Untracked 
|  49|0x0000000727200000, 0x0000000727200000, 0x0000000727400000|  0%| F|  |TAMS 0x0000000727200000, 0x0000000727200000| Untracked 
|  50|0x0000000727400000, 0x0000000727400000, 0x0000000727600000|  0%| F|  |TAMS 0x0000000727400000, 0x0000000727400000| Untracked 
|  51|0x0000000727600000, 0x0000000727600000, 0x0000000727800000|  0%| F|  |TAMS 0x0000000727600000, 0x0000000727600000| Untracked 
|  52|0x0000000727800000, 0x0000000727800000, 0x0000000727a00000|  0%| F|  |TAMS 0x0000000727800000, 0x0000000727800000| Untracked 
|  53|0x0000000727a00000, 0x0000000727a00000, 0x0000000727c00000|  0%| F|  |TAMS 0x0000000727a00000, 0x0000000727a00000| Untracked 
|  54|0x0000000727c00000, 0x0000000727c00000, 0x0000000727e00000|  0%| F|  |TAMS 0x0000000727c00000, 0x0000000727c00000| Untracked 
|  55|0x0000000727e00000, 0x0000000727e00000, 0x0000000728000000|  0%| F|  |TAMS 0x0000000727e00000, 0x0000000727e00000| Untracked 
|  56|0x0000000728000000, 0x0000000728000000, 0x0000000728200000|  0%| F|  |TAMS 0x0000000728000000, 0x0000000728000000| Untracked 
|  57|0x0000000728200000, 0x0000000728200000, 0x0000000728400000|  0%| F|  |TAMS 0x0000000728200000, 0x0000000728200000| Untracked 
|  58|0x0000000728400000, 0x0000000728400000, 0x0000000728600000|  0%| F|  |TAMS 0x0000000728400000, 0x0000000728400000| Untracked 
|  59|0x0000000728600000, 0x0000000728600000, 0x0000000728800000|  0%| F|  |TAMS 0x0000000728600000, 0x0000000728600000| Untracked 
|  60|0x0000000728800000, 0x0000000728800000, 0x0000000728a00000|  0%| F|  |TAMS 0x0000000728800000, 0x0000000728800000| Untracked 
|  61|0x0000000728a00000, 0x0000000728a00000, 0x0000000728c00000|  0%| F|  |TAMS 0x0000000728a00000, 0x0000000728a00000| Untracked 
|  62|0x0000000728c00000, 0x0000000728c00000, 0x0000000728e00000|  0%| F|  |TAMS 0x0000000728c00000, 0x0000000728c00000| Untracked 
|  63|0x0000000728e00000, 0x0000000728e00000, 0x0000000729000000|  0%| F|  |TAMS 0x0000000728e00000, 0x0000000728e00000| Untracked 
|  64|0x0000000729000000, 0x0000000729000000, 0x0000000729200000|  0%| F|  |TAMS 0x0000000729000000, 0x0000000729000000| Untracked 
|  65|0x0000000729200000, 0x0000000729200000, 0x0000000729400000|  0%| F|  |TAMS 0x0000000729200000, 0x0000000729200000| Untracked 
|  66|0x0000000729400000, 0x0000000729400000, 0x0000000729600000|  0%| F|  |TAMS 0x0000000729400000, 0x0000000729400000| Untracked 
|  67|0x0000000729600000, 0x0000000729600000, 0x0000000729800000|  0%| F|  |TAMS 0x0000000729600000, 0x0000000729600000| Untracked 
|  68|0x0000000729800000, 0x0000000729800000, 0x0000000729a00000|  0%| F|  |TAMS 0x0000000729800000, 0x0000000729800000| Untracked 
|  69|0x0000000729a00000, 0x0000000729a00000, 0x0000000729c00000|  0%| F|  |TAMS 0x0000000729a00000, 0x0000000729a00000| Untracked 
|  70|0x0000000729c00000, 0x0000000729c00000, 0x0000000729e00000|  0%| F|  |TAMS 0x0000000729c00000, 0x0000000729c00000| Untracked 
|  71|0x0000000729e00000, 0x0000000729e00000, 0x000000072a000000|  0%| F|  |TAMS 0x0000000729e00000, 0x0000000729e00000| Untracked 
|  72|0x000000072a000000, 0x000000072a000000, 0x000000072a200000|  0%| F|  |TAMS 0x000000072a000000, 0x000000072a000000| Untracked 
|  73|0x000000072a200000, 0x000000072a200000, 0x000000072a400000|  0%| F|  |TAMS 0x000000072a200000, 0x000000072a200000| Untracked 
|  74|0x000000072a400000, 0x000000072a400000, 0x000000072a600000|  0%| F|  |TAMS 0x000000072a400000, 0x000000072a400000| Untracked 
|  75|0x000000072a600000, 0x000000072a600000, 0x000000072a800000|  0%| F|  |TAMS 0x000000072a600000, 0x000000072a600000| Untracked 
|  76|0x000000072a800000, 0x000000072a800000, 0x000000072aa00000|  0%| F|  |TAMS 0x000000072a800000, 0x000000072a800000| Untracked 
|  77|0x000000072aa00000, 0x000000072aa00000, 0x000000072ac00000|  0%| F|  |TAMS 0x000000072aa00000, 0x000000072aa00000| Untracked 
|  78|0x000000072ac00000, 0x000000072ac00000, 0x000000072ae00000|  0%| F|  |TAMS 0x000000072ac00000, 0x000000072ac00000| Untracked 
|  79|0x000000072ae00000, 0x000000072ae00000, 0x000000072b000000|  0%| F|  |TAMS 0x000000072ae00000, 0x000000072ae00000| Untracked 
|  80|0x000000072b000000, 0x000000072b000000, 0x000000072b200000|  0%| F|  |TAMS 0x000000072b000000, 0x000000072b000000| Untracked 
|  81|0x000000072b200000, 0x000000072b200000, 0x000000072b400000|  0%| F|  |TAMS 0x000000072b200000, 0x000000072b200000| Untracked 
|  82|0x000000072b400000, 0x000000072b400000, 0x000000072b600000|  0%| F|  |TAMS 0x000000072b400000, 0x000000072b400000| Untracked 
|  83|0x000000072b600000, 0x000000072b600000, 0x000000072b800000|  0%| F|  |TAMS 0x000000072b600000, 0x000000072b600000| Untracked 
|  84|0x000000072b800000, 0x000000072b800000, 0x000000072ba00000|  0%| F|  |TAMS 0x000000072b800000, 0x000000072b800000| Untracked 
|  85|0x000000072ba00000, 0x000000072ba00000, 0x000000072bc00000|  0%| F|  |TAMS 0x000000072ba00000, 0x000000072ba00000| Untracked 
|  86|0x000000072bc00000, 0x000000072bc00000, 0x000000072be00000|  0%| F|  |TAMS 0x000000072bc00000, 0x000000072bc00000| Untracked 
|  87|0x000000072be00000, 0x000000072be00000, 0x000000072c000000|  0%| F|  |TAMS 0x000000072be00000, 0x000000072be00000| Untracked 
|  88|0x000000072c000000, 0x000000072c000000, 0x000000072c200000|  0%| F|  |TAMS 0x000000072c000000, 0x000000072c000000| Untracked 
|  89|0x000000072c200000, 0x000000072c200000, 0x000000072c400000|  0%| F|  |TAMS 0x000000072c200000, 0x000000072c200000| Untracked 
|  90|0x000000072c400000, 0x000000072c400000, 0x000000072c600000|  0%| F|  |TAMS 0x000000072c400000, 0x000000072c400000| Untracked 
|  91|0x000000072c600000, 0x000000072c600000, 0x000000072c800000|  0%| F|  |TAMS 0x000000072c600000, 0x000000072c600000| Untracked 
|  92|0x000000072c800000, 0x000000072c800000, 0x000000072ca00000|  0%| F|  |TAMS 0x000000072c800000, 0x000000072c800000| Untracked 
|  93|0x000000072ca00000, 0x000000072ca00000, 0x000000072cc00000|  0%| F|  |TAMS 0x000000072ca00000, 0x000000072ca00000| Untracked 
|  94|0x000000072cc00000, 0x000000072cc00000, 0x000000072ce00000|  0%| F|  |TAMS 0x000000072cc00000, 0x000000072cc00000| Untracked 
|  95|0x000000072ce00000, 0x000000072ce00000, 0x000000072d000000|  0%| F|  |TAMS 0x000000072ce00000, 0x000000072ce00000| Untracked 
|  96|0x000000072d000000, 0x000000072d000000, 0x000000072d200000|  0%| F|  |TAMS 0x000000072d000000, 0x000000072d000000| Untracked 
|  97|0x000000072d200000, 0x000000072d200000, 0x000000072d400000|  0%| F|  |TAMS 0x000000072d200000, 0x000000072d200000| Untracked 
|  98|0x000000072d400000, 0x000000072d5fd4f8, 0x000000072d600000| 99%| S|CS|TAMS 0x000000072d400000, 0x000000072d400000| Complete 
|  99|0x000000072d600000, 0x000000072d800000, 0x000000072d800000|100%| S|CS|TAMS 0x000000072d600000, 0x000000072d600000| Complete 
| 100|0x000000072d800000, 0x000000072d800000, 0x000000072da00000|  0%| F|  |TAMS 0x000000072d800000, 0x000000072d800000| Untracked 
| 101|0x000000072da00000, 0x000000072da00000, 0x000000072dc00000|  0%| F|  |TAMS 0x000000072da00000, 0x000000072da00000| Untracked 
| 102|0x000000072dc00000, 0x000000072dc00000, 0x000000072de00000|  0%| F|  |TAMS 0x000000072dc00000, 0x000000072dc00000| Untracked 
| 103|0x000000072de00000, 0x000000072df16388, 0x000000072e000000| 54%| E|  |TAMS 0x000000072de00000, 0x000000072de00000| Complete 
| 104|0x000000072e000000, 0x000000072e200000, 0x000000072e200000|100%| E|  |TAMS 0x000000072e000000, 0x000000072e000000| Complete 
| 105|0x000000072e200000, 0x000000072e400000, 0x000000072e400000|100%| E|CS|TAMS 0x000000072e200000, 0x000000072e200000| Complete 
| 106|0x000000072e400000, 0x000000072e600000, 0x000000072e600000|100%| E|CS|TAMS 0x000000072e400000, 0x000000072e400000| Complete 
| 107|0x000000072e600000, 0x000000072e800000, 0x000000072e800000|100%| E|CS|TAMS 0x000000072e600000, 0x000000072e600000| Complete 
| 108|0x000000072e800000, 0x000000072ea00000, 0x000000072ea00000|100%| E|CS|TAMS 0x000000072e800000, 0x000000072e800000| Complete 
| 109|0x000000072ea00000, 0x000000072ec00000, 0x000000072ec00000|100%| E|CS|TAMS 0x000000072ea00000, 0x000000072ea00000| Complete 
| 110|0x000000072ec00000, 0x000000072ee00000, 0x000000072ee00000|100%| E|CS|TAMS 0x000000072ec00000, 0x000000072ec00000| Complete 
| 111|0x000000072ee00000, 0x000000072f000000, 0x000000072f000000|100%| E|CS|TAMS 0x000000072ee00000, 0x000000072ee00000| Complete 

Card table byte_map: [0x0000026e46070000,0x0000026e46770000] _byte_map_base: 0x0000026e42768000

Marking Bits (Prev, Next): (CMBitMap*) 0x0000026e33d2b270, (CMBitMap*) 0x0000026e33d2b2b0
 Prev Bits: [0x0000026e46e70000, 0x0000026e4a630000)
 Next Bits: [0x0000026e4a630000, 0x0000026e4ddf0000)

Polling page: 0x0000026e31cd0000

Metaspace:

Usage:
  Non-class:     14.33 MB used.
      Class:      1.87 MB used.
       Both:     16.20 MB used.

Virtual space:
  Non-class space:       64.00 MB reserved,      14.38 MB ( 22%) committed,  1 nodes.
      Class space:        1.00 GB reserved,       2.00 MB ( <1%) committed,  1 nodes.
             Both:        1.06 GB reserved,      16.38 MB (  2%) committed. 

Chunk freelists:
   Non-Class:  1.25 MB
       Class:  14.05 MB
        Both:  15.30 MB

MaxMetaspaceSize: unlimited
CompressedClassSpaceSize: 1.00 GB
Initial GC threshold: 21.00 MB
Current GC threshold: 21.00 MB
CDS: off
MetaspaceReclaimPolicy: balanced
 - commit_granule_bytes: 65536.
 - commit_granule_words: 8192.
 - virtual_space_node_default_size: 8388608.
 - enlarge_chunks_in_place: 1.
 - new_chunks_are_fully_committed: 0.
 - uncommit_free_chunks: 1.
 - use_allocation_guard: 0.
 - handle_deallocations: 1.


Internal statistics:

num_allocs_failed_limit: 0.
num_arena_births: 68.
num_arena_deaths: 0.
num_vsnodes_births: 2.
num_vsnodes_deaths: 0.
num_space_committed: 262.
num_space_uncommitted: 0.
num_chunks_returned_to_freelist: 0.
num_chunks_taken_from_freelist: 313.
num_chunk_merges: 0.
num_chunk_splits: 195.
num_chunks_enlarged: 153.
num_inconsistent_stats: 0.

CodeHeap 'non-profiled nmethods': size=120000Kb used=691Kb max_used=691Kb free=119308Kb
 bounds [0x0000026e3e440000, 0x0000026e3e6b0000, 0x0000026e45970000]
CodeHeap 'profiled nmethods': size=120000Kb used=3336Kb max_used=3336Kb free=116663Kb
 bounds [0x0000026e36970000, 0x0000026e36cc0000, 0x0000026e3dea0000]
CodeHeap 'non-nmethods': size=5760Kb used=1172Kb max_used=1209Kb free=4587Kb
 bounds [0x0000026e3dea0000, 0x0000026e3e110000, 0x0000026e3e440000]
 total_blobs=2081 nmethods=1613 adapters=381
 compilation: enabled
              stopped_count=0, restarted_count=0
 full_count=0

Compilation events (20 events):
Event: 14.642 Thread 0x0000026e50356020 1603       3       java.util.HashSet::<init> (16 bytes)
Event: 14.642 Thread 0x0000026e50356020 nmethod 1603 0x0000026e36caa790 code [0x0000026e36caa960, 0x0000026e36caad78]
Event: 14.667 Thread 0x0000026e5031e5f0 nmethod 1605% 0x0000026e3e4e9d90 code [0x0000026e3e4e9fe0, 0x0000026e3e4ebc08]
Event: 14.683 Thread 0x0000026e50356020 1607       3       java.util.TreeMap::put (221 bytes)
Event: 14.683 Thread 0x0000026e5031e5f0 1612       4       java.util.zip.ZipFile$Source::initCEN (591 bytes)
Event: 14.683 Thread 0x0000026e50356020 nmethod 1607 0x0000026e36caaf10 code [0x0000026e36cab160, 0x0000026e36cabda8]
Event: 14.683 Thread 0x0000026e50356020 1606       3       java.util.TreeMap::put (8 bytes)
Event: 14.683 Thread 0x0000026e50356020 nmethod 1606 0x0000026e36cac090 code [0x0000026e36cac220, 0x0000026e36cac368]
Event: 14.683 Thread 0x0000026e50356020 1608       3       java.lang.Integer::compare (20 bytes)
Event: 14.683 Thread 0x0000026e50356020 nmethod 1608 0x0000026e36cac410 code [0x0000026e36cac5c0, 0x0000026e36cac798]
Event: 14.683 Thread 0x0000026e50356020 1610       3       java.lang.Integer::compareTo (9 bytes)
Event: 14.683 Thread 0x0000026e50356020 nmethod 1610 0x0000026e36cac810 code [0x0000026e36cac9e0, 0x0000026e36cacd98]
Event: 14.683 Thread 0x0000026e50356020 1611       3       java.lang.Integer::compareTo (12 bytes)
Event: 14.684 Thread 0x0000026e50356020 nmethod 1611 0x0000026e36cace90 code [0x0000026e36cad040, 0x0000026e36cad298]
Event: 14.684 Thread 0x0000026e50356020 1609       3       java.util.TreeSet::add (22 bytes)
Event: 14.684 Thread 0x0000026e50356020 nmethod 1609 0x0000026e36cad390 code [0x0000026e36cad540, 0x0000026e36cad788]
Event: 14.689 Thread 0x0000026e50356020 1613       3       java.nio.ByteBuffer::arrayOffset (35 bytes)
Event: 14.690 Thread 0x0000026e50356020 nmethod 1613 0x0000026e36cad890 code [0x0000026e36cada60, 0x0000026e36cadd38]
Event: 14.690 Thread 0x0000026e50356020 1614   !   3       sun.net.www.ParseUtil::decode (317 bytes)
Event: 14.692 Thread 0x0000026e50356020 nmethod 1614 0x0000026e36cade90 code [0x0000026e36cae420, 0x0000026e36cb11b8]

GC Heap History (6 events):
Event: 2.349 GC heap before
{Heap before GC invocations=0 (full 0):
 garbage-first heap   total 229376K, used 10240K [0x0000000721000000, 0x0000000800000000)
  region size 2048K, 6 young (12288K), 0 survivors (0K)
 Metaspace       used 12231K, committed 12352K, reserved 1114112K
  class space    used 1257K, committed 1280K, reserved 1048576K
}
Event: 2.356 GC heap after
{Heap after GC invocations=1 (full 0):
 garbage-first heap   total 229376K, used 3525K [0x0000000721000000, 0x0000000800000000)
  region size 2048K, 1 young (2048K), 1 survivors (2048K)
 Metaspace       used 12231K, committed 12352K, reserved 1114112K
  class space    used 1257K, committed 1280K, reserved 1048576K
}
Event: 9.524 GC heap before
{Heap before GC invocations=1 (full 0):
 garbage-first heap   total 229376K, used 15813K [0x0000000721000000, 0x0000000800000000)
  region size 2048K, 6 young (12288K), 1 survivors (2048K)
 Metaspace       used 14189K, committed 14336K, reserved 1114112K
  class space    used 1545K, committed 1600K, reserved 1048576K
}
Event: 9.527 GC heap after
{Heap after GC invocations=2 (full 0):
 garbage-first heap   total 229376K, used 11618K [0x0000000721000000, 0x0000000800000000)
  region size 2048K, 1 young (2048K), 1 survivors (2048K)
 Metaspace       used 14189K, committed 14336K, reserved 1114112K
  class space    used 1545K, committed 1600K, reserved 1048576K
}
Event: 12.236 GC heap before
{Heap before GC invocations=2 (full 0):
 garbage-first heap   total 229376K, used 34146K [0x0000000721000000, 0x0000000800000000)
  region size 2048K, 12 young (24576K), 1 survivors (2048K)
 Metaspace       used 16521K, committed 16704K, reserved 1114112K
  class space    used 1913K, committed 2048K, reserved 1048576K
}
Event: 12.238 GC heap after
{Heap after GC invocations=3 (full 0):
 garbage-first heap   total 229376K, used 13655K [0x0000000721000000, 0x0000000800000000)
  region size 2048K, 2 young (4096K), 2 survivors (4096K)
 Metaspace       used 16521K, committed 16704K, reserved 1114112K
  class space    used 1913K, committed 2048K, reserved 1048576K
}

Dll operation events (7 events):
Event: 0.008 Loaded shared library C:\Users\Javie\.vscode\extensions\redhat.java-1.25.1-win32-x64\jre\17.0.9-win32-x86_64\bin\java.dll
Event: 0.288 Loaded shared library C:\Users\Javie\.vscode\extensions\redhat.java-1.25.1-win32-x64\jre\17.0.9-win32-x86_64\bin\net.dll
Event: 0.290 Loaded shared library C:\Users\Javie\.vscode\extensions\redhat.java-1.25.1-win32-x64\jre\17.0.9-win32-x86_64\bin\nio.dll
Event: 0.321 Loaded shared library C:\Users\Javie\.vscode\extensions\redhat.java-1.25.1-win32-x64\jre\17.0.9-win32-x86_64\bin\zip.dll
Event: 0.391 Loaded shared library C:\Users\Javie\.vscode\extensions\redhat.java-1.25.1-win32-x64\jre\17.0.9-win32-x86_64\bin\jimage.dll
Event: 2.416 Loaded shared library C:\Users\Javie\.vscode\extensions\redhat.java-1.25.1-win32-x64\jre\17.0.9-win32-x86_64\bin\verify.dll
Event: 11.583 Loaded shared library C:\Users\Javie\.gradle\native\c067742578af261105cb4f569cf0c3c89f3d7b1fecec35dd04571415982c5e48\windows-amd64\native-platform.dll

Deoptimization events (20 events):
Event: 11.705 Thread 0x0000026e55482070 DEOPT PACKING pc=0x0000026e3e4c4d2c sp=0x000000aaed8fb640
Event: 11.705 Thread 0x0000026e55482070 DEOPT UNPACKING pc=0x0000026e3def69a3 sp=0x000000aaed8fb5c8 mode 2
Event: 11.729 Thread 0x0000026e55482070 Uncommon trap: trap_request=0xffffff45 fr.pc=0x0000026e3e4b6988 relative=0x0000000000000068
Event: 11.729 Thread 0x0000026e55482070 Uncommon trap: reason=unstable_if action=reinterpret pc=0x0000026e3e4b6988 method=sun.net.www.ParseUtil.firstEncodeIndex(Ljava/lang/String;)I @ 51 c2
Event: 11.729 Thread 0x0000026e55482070 DEOPT PACKING pc=0x0000026e3e4b6988 sp=0x000000aaed8fa400
Event: 11.729 Thread 0x0000026e55482070 DEOPT UNPACKING pc=0x0000026e3def69a3 sp=0x000000aaed8fa388 mode 2
Event: 12.689 Thread 0x0000026e55482070 DEOPT PACKING pc=0x0000026e36c4ebe5 sp=0x000000aaed8fccc0
Event: 12.689 Thread 0x0000026e55482070 DEOPT UNPACKING pc=0x0000026e3def7143 sp=0x000000aaed8fc1b8 mode 0
Event: 12.689 Thread 0x0000026e55482070 DEOPT PACKING pc=0x0000026e369ecb66 sp=0x000000aaed8fccd0
Event: 12.689 Thread 0x0000026e55482070 DEOPT UNPACKING pc=0x0000026e3def7143 sp=0x000000aaed8fc1c0 mode 0
Event: 13.138 Thread 0x0000026e55482070 DEOPT PACKING pc=0x0000026e36c4ebe5 sp=0x000000aaed8fcad0
Event: 13.138 Thread 0x0000026e55482070 DEOPT UNPACKING pc=0x0000026e3def7143 sp=0x000000aaed8fbfc8 mode 0
Event: 13.138 Thread 0x0000026e55482070 DEOPT PACKING pc=0x0000026e369ecb66 sp=0x000000aaed8fcae0
Event: 13.138 Thread 0x0000026e55482070 DEOPT UNPACKING pc=0x0000026e3def7143 sp=0x000000aaed8fbfd0 mode 0
Event: 14.683 Thread 0x0000026e55482070 DEOPT PACKING pc=0x0000026e36bb05dd sp=0x000000aaed8fc1f0
Event: 14.683 Thread 0x0000026e55482070 DEOPT UNPACKING pc=0x0000026e3def7143 sp=0x000000aaed8fb780 mode 0
Event: 14.684 Thread 0x0000026e55482070 Uncommon trap: trap_request=0xffffff45 fr.pc=0x0000026e3e4db234 relative=0x00000000000014b4
Event: 14.684 Thread 0x0000026e55482070 Uncommon trap: reason=unstable_if action=reinterpret pc=0x0000026e3e4db234 method=java.util.zip.ZipFile$Source.initCEN(I)V @ 441 c2
Event: 14.684 Thread 0x0000026e55482070 DEOPT PACKING pc=0x0000026e3e4db234 sp=0x000000aaed8fc2d0
Event: 14.684 Thread 0x0000026e55482070 DEOPT UNPACKING pc=0x0000026e3def69a3 sp=0x000000aaed8fc288 mode 2

Classes unloaded (0 events):
No events

Classes redefined (0 events):
No events

Internal exceptions (20 events):
Event: 1.971 Thread 0x0000026e33ccb320 Exception <a 'java/lang/NoSuchMethodError'{0x000000072ebbde80}: 'void java.lang.invoke.DirectMethodHandle$Holder.invokeStatic(java.lang.Object, java.lang.Object, java.lang.Object, java.lang.Object)'> (0x000000072ebbde80) 
thrown [s\src\hotspot\share\interpreter\linkResolver.cpp, line 759]
Event: 2.152 Thread 0x0000026e33ccb320 Exception <a 'java/lang/NoSuchMethodError'{0x000000072e65b548}: 'java.lang.Object java.lang.invoke.DirectMethodHandle$Holder.newInvokeSpecial(java.lang.Object, java.lang.Object, java.lang.Object, java.lang.Object, java.lang.Object)'> (0x000000072e65b548) 
thrown [s\src\hotspot\share\interpreter\linkResolver.cpp, line 759]
Event: 2.162 Thread 0x0000026e33ccb320 Exception <a 'java/lang/NoSuchMethodError'{0x000000072e68f8a0}: 'void java.lang.invoke.DirectMethodHandle$Holder.invokeSpecial(java.lang.Object, java.lang.Object, java.lang.Object)'> (0x000000072e68f8a0) 
thrown [s\src\hotspot\share\interpreter\linkResolver.cpp, line 759]
Event: 2.230 Thread 0x0000026e552bf280 Exception <a 'java/lang/NoSuchMethodError'{0x000000072e7ded00}: 'java.lang.Object java.lang.invoke.Invokers$Holder.linkToTargetMethod(java.lang.Object, long, java.lang.Object, java.lang.Object)'> (0x000000072e7ded00) 
thrown [s\src\hotspot\share\interpreter\linkResolver.cpp, line 759]
Event: 2.254 Thread 0x0000026e55280ed0 Exception <a 'java/lang/NoSuchMethodError'{0x000000072e4551c0}: 'int java.lang.invoke.DirectMethodHandle$Holder.invokeStatic(java.lang.Object, java.lang.Object, int)'> (0x000000072e4551c0) 
thrown [s\src\hotspot\share\interpreter\linkResolver.cpp, line 759]
Event: 2.420 Thread 0x0000026e55280ed0 Exception <a 'java/lang/NoClassDefFoundError'{0x000000072eea3ef8}: org/slf4j/impl/StaticLoggerBinder> (0x000000072eea3ef8) 
thrown [s\src\hotspot\share\classfile\systemDictionary.cpp, line 245]
Event: 2.421 Thread 0x0000026e55280ed0 Exception <a 'java/io/IOException'{0x000000072eea47b0}> (0x000000072eea47b0) 
thrown [s\src\hotspot\share\prims\jni.cpp, line 516]
Event: 2.421 Thread 0x0000026e55280ed0 Exception <a 'java/io/IOException'{0x000000072eea4df8}> (0x000000072eea4df8) 
thrown [s\src\hotspot\share\prims\jni.cpp, line 516]
Event: 2.421 Thread 0x0000026e55280ed0 Exception <a 'java/io/IOException'{0x000000072eea5540}> (0x000000072eea5540) 
thrown [s\src\hotspot\share\prims\jni.cpp, line 516]
Event: 2.421 Thread 0x0000026e55280ed0 Exception <a 'java/io/IOException'{0x000000072eea5b00}> (0x000000072eea5b00) 
thrown [s\src\hotspot\share\prims\jni.cpp, line 516]
Event: 2.421 Thread 0x0000026e55280ed0 Exception <a 'java/io/IOException'{0x000000072eea6290}> (0x000000072eea6290) 
thrown [s\src\hotspot\share\prims\jni.cpp, line 516]
Event: 2.421 Thread 0x0000026e55280ed0 Exception <a 'java/io/IOException'{0x000000072eea6850}> (0x000000072eea6850) 
thrown [s\src\hotspot\share\prims\jni.cpp, line 516]
Event: 2.622 Thread 0x0000026e55482070 Exception <a 'java/lang/NoSuchMethodError'{0x000000072ead6280}: 'void java.lang.invoke.DirectMethodHandle$Holder.invokeInterface(java.lang.Object, java.lang.Object, java.lang.Object)'> (0x000000072ead6280) 
thrown [s\src\hotspot\share\interpreter\linkResolver.cpp, line 759]
Event: 11.566 Thread 0x0000026e55482070 Exception <a 'java/lang/NoSuchMethodError'{0x000000072eb97f48}: 'java.lang.Object java.lang.invoke.DirectMethodHandle$Holder.invokeVirtual(java.lang.Object, java.lang.Object, java.lang.Object, java.lang.Object, java.lang.Object, java.lang.Object, java.lang.Object)'> (0x000000072eb97f48) 
thrown [s\src\hotspot\share\interpreter\linkResolver.cpp, line 759]
Event: 11.568 Thread 0x0000026e55482070 Exception <a 'java/lang/NoSuchMethodError'{0x000000072eba8ad8}: 'java.lang.Object java.lang.invoke.Invokers$Holder.invoker(java.lang.Object, java.lang.Object, java.lang.Object)'> (0x000000072eba8ad8) 
thrown [s\src\hotspot\share\interpreter\linkResolver.cpp, line 759]
Event: 11.569 Thread 0x0000026e55482070 Exception <a 'java/lang/NoSuchMethodError'{0x000000072ebb1b88}: 'java.lang.Object java.lang.invoke.DirectMethodHandle$Holder.invokeStatic(java.lang.Object, java.lang.Object, int)'> (0x000000072ebb1b88) 
thrown [s\src\hotspot\share\interpreter\linkResolver.cpp, line 759]
Event: 11.570 Thread 0x0000026e55482070 Exception <a 'java/lang/NoSuchMethodError'{0x000000072ebbd878}: 'void java.lang.invoke.DelegatingMethodHandle$Holder.delegate(java.lang.Object, java.lang.Object, int, java.lang.Object)'> (0x000000072ebbd878) 
thrown [s\src\hotspot\share\interpreter\linkResolver.cpp, line 759]
Event: 11.571 Thread 0x0000026e55482070 Exception <a 'java/lang/NoSuchMethodError'{0x000000072ebc1d58}: 'int java.lang.invoke.DirectMethodHandle$Holder.invokeSpecial(java.lang.Object, java.lang.Object, java.lang.Object)'> (0x000000072ebc1d58) 
thrown [s\src\hotspot\share\interpreter\linkResolver.cpp, line 759]
Event: 11.572 Thread 0x0000026e55482070 Exception <a 'java/lang/NoSuchMethodError'{0x000000072ebd1f00}: 'java.lang.Object java.lang.invoke.Invokers$Holder.invokeExact_MT(java.lang.Object, java.lang.Object, java.lang.Object, java.lang.Object)'> (0x000000072ebd1f00) 
thrown [s\src\hotspot\share\interpreter\linkResolver.cpp, line 759]
Event: 11.617 Thread 0x0000026e55482070 Exception <a 'java/lang/NoSuchMethodError'{0x000000072e6958a0}: 'int java.lang.invoke.DirectMethodHandle$Holder.invokeStaticInit(java.lang.Object, java.lang.Object)'> (0x000000072e6958a0) 
thrown [s\src\hotspot\share\interpreter\linkResolver.cpp, line 759]

VM Operations (20 events):
Event: 3.484 Executing VM operation: Cleanup
Event: 3.484 Executing VM operation: Cleanup done
Event: 4.486 Executing VM operation: Cleanup
Event: 4.486 Executing VM operation: Cleanup done
Event: 5.497 Executing VM operation: Cleanup
Event: 5.497 Executing VM operation: Cleanup done
Event: 6.502 Executing VM operation: Cleanup
Event: 6.502 Executing VM operation: Cleanup done
Event: 9.524 Executing VM operation: G1CollectForAllocation
Event: 9.527 Executing VM operation: G1CollectForAllocation done
Event: 10.533 Executing VM operation: Cleanup
Event: 10.533 Executing VM operation: Cleanup done
Event: 11.470 Executing VM operation: HandshakeAllThreads
Event: 11.470 Executing VM operation: HandshakeAllThreads done
Event: 12.236 Executing VM operation: G1CollectForAllocation
Event: 12.238 Executing VM operation: G1CollectForAllocation done
Event: 13.248 Executing VM operation: Cleanup
Event: 13.248 Executing VM operation: Cleanup done
Event: 14.253 Executing VM operation: Cleanup
Event: 14.253 Executing VM operation: Cleanup done

Events (20 events):
Event: 11.569 loading class java/lang/invoke/MethodHandleImpl$2 done
Event: 11.569 loading class java/lang/invoke/MethodHandleImpl$ArrayAccessor
Event: 11.569 loading class java/lang/invoke/MethodHandleImpl$ArrayAccessor done
Event: 11.569 loading class java/lang/invoke/MethodHandleImpl$ArrayAccessor$1
Event: 11.569 loading class java/lang/invoke/MethodHandleImpl$ArrayAccessor$1 done
Event: 11.569 loading class java/lang/ClassValue$ClassValueMap
Event: 11.569 loading class java/lang/ClassValue$ClassValueMap done
Event: 11.571 loading class java/lang/invoke/BoundMethodHandle$Species_LLL
Event: 11.571 loading class java/lang/invoke/BoundMethodHandle$Species_LLL done
Event: 11.580 loading class java/lang/UnsatisfiedLinkError
Event: 11.580 loading class java/lang/UnsatisfiedLinkError done
Event: 11.582 loading class java/nio/channels/spi/AbstractInterruptibleChannel$1
Event: 11.582 loading class sun/nio/ch/Interruptible
Event: 11.582 loading class sun/nio/ch/Interruptible done
Event: 11.582 loading class java/nio/channels/spi/AbstractInterruptibleChannel$1 done
Event: 11.584 loading class jdk/internal/loader/NativeLibraries$Unloader
Event: 11.584 loading class jdk/internal/loader/NativeLibraries$Unloader done
Event: 11.584 loading class java/util/RegularEnumSet$EnumSetIterator
Event: 11.584 loading class java/util/RegularEnumSet$EnumSetIterator done
Event: 12.137 Thread 0x0000026e5063dee0 Thread exited: 0x0000026e5063dee0


Dynamic libraries:
0x00007ff7be610000 - 0x00007ff7be61e000 	C:\Users\Javie\.vscode\extensions\redhat.java-1.25.1-win32-x64\jre\17.0.9-win32-x86_64\bin\java.exe
0x00007ffdb28d0000 - 0x00007ffdb2ac8000 	C:\Windows\SYSTEM32\ntdll.dll
0x00007ffdb0930000 - 0x00007ffdb09ef000 	C:\Windows\System32\KERNEL32.DLL
0x00007ffdaffb0000 - 0x00007ffdb02a6000 	C:\Windows\System32\KERNELBASE.dll
0x00007ffdb02b0000 - 0x00007ffdb03b0000 	C:\Windows\System32\ucrtbase.dll
0x00007ffdab2c0000 - 0x00007ffdab2d7000 	C:\Users\Javie\.vscode\extensions\redhat.java-1.25.1-win32-x64\jre\17.0.9-win32-x86_64\bin\jli.dll
0x00007ffdb21d0000 - 0x00007ffdb236d000 	C:\Windows\System32\USER32.dll
0x00007ffdab2e0000 - 0x00007ffdab2fb000 	C:\Users\Javie\.vscode\extensions\redhat.java-1.25.1-win32-x64\jre\17.0.9-win32-x86_64\bin\VCRUNTIME140.dll
0x00007ffd96be0000 - 0x00007ffd96e7a000 	C:\Windows\WinSxS\amd64_microsoft.windows.common-controls_6595b64144ccf1df_6.0.19041.1110_none_60b5254171f9507e\COMCTL32.dll
0x00007ffdb2700000 - 0x00007ffdb279e000 	C:\Windows\System32\msvcrt.dll
0x00007ffdb2370000 - 0x00007ffdb239c000 	C:\Windows\System32\GDI32.dll
0x00007ffdb0890000 - 0x00007ffdb08b2000 	C:\Windows\System32\win32u.dll
0x00007ffdb0770000 - 0x00007ffdb0885000 	C:\Windows\System32\gdi32full.dll
0x00007ffdb03b0000 - 0x00007ffdb044d000 	C:\Windows\System32\msvcp_win.dll
0x00007ffdb26d0000 - 0x00007ffdb2700000 	C:\Windows\System32\IMM32.DLL
0x00007ffdaca40000 - 0x00007ffdaca4c000 	C:\Users\Javie\.vscode\extensions\redhat.java-1.25.1-win32-x64\jre\17.0.9-win32-x86_64\bin\vcruntime140_1.dll
0x00007ffd8edd0000 - 0x00007ffd8ee5d000 	C:\Users\Javie\.vscode\extensions\redhat.java-1.25.1-win32-x64\jre\17.0.9-win32-x86_64\bin\msvcp140.dll
0x00007ffd74f80000 - 0x00007ffd75be1000 	C:\Users\Javie\.vscode\extensions\redhat.java-1.25.1-win32-x64\jre\17.0.9-win32-x86_64\bin\server\jvm.dll
0x00007ffdb09f0000 - 0x00007ffdb0a9f000 	C:\Windows\System32\ADVAPI32.dll
0x00007ffdb2600000 - 0x00007ffdb269c000 	C:\Windows\System32\sechost.dll
0x00007ffdb1ab0000 - 0x00007ffdb1bd6000 	C:\Windows\System32\RPCRT4.dll
0x00007ffdafd60000 - 0x00007ffdafdab000 	C:\Windows\SYSTEM32\POWRPROF.dll
0x00007ffdac8b0000 - 0x00007ffdac8b9000 	C:\Windows\SYSTEM32\WSOCK32.dll
0x00007ffdb1da0000 - 0x00007ffdb1e0b000 	C:\Windows\System32\WS2_32.dll
0x00007ffda5e60000 - 0x00007ffda5e87000 	C:\Windows\SYSTEM32\WINMM.dll
0x00007ffdade00000 - 0x00007ffdade0a000 	C:\Windows\SYSTEM32\VERSION.dll
0x00007ffdafd40000 - 0x00007ffdafd52000 	C:\Windows\SYSTEM32\UMPDC.dll
0x00007ffdae050000 - 0x00007ffdae062000 	C:\Windows\SYSTEM32\kernel.appcore.dll
0x00007ffdac9f0000 - 0x00007ffdac9fa000 	C:\Users\Javie\.vscode\extensions\redhat.java-1.25.1-win32-x64\jre\17.0.9-win32-x86_64\bin\jimage.dll
0x00007ffda2ce0000 - 0x00007ffda2ec4000 	C:\Windows\SYSTEM32\DBGHELP.DLL
0x00007ffda0690000 - 0x00007ffda06c4000 	C:\Windows\SYSTEM32\dbgcore.DLL
0x00007ffdb0530000 - 0x00007ffdb05b2000 	C:\Windows\System32\bcryptPrimitives.dll
0x00007ffd9d300000 - 0x00007ffd9d325000 	C:\Users\Javie\.vscode\extensions\redhat.java-1.25.1-win32-x64\jre\17.0.9-win32-x86_64\bin\java.dll
0x00007ffdaa0d0000 - 0x00007ffdaa0e8000 	C:\Users\Javie\.vscode\extensions\redhat.java-1.25.1-win32-x64\jre\17.0.9-win32-x86_64\bin\zip.dll
0x00007ffdb0b60000 - 0x00007ffdb12a4000 	C:\Windows\System32\SHELL32.dll
0x00007ffdae070000 - 0x00007ffdae803000 	C:\Windows\SYSTEM32\windows.storage.dll
0x00007ffdb1e70000 - 0x00007ffdb21c4000 	C:\Windows\System32\combase.dll
0x00007ffdaf980000 - 0x00007ffdaf9ae000 	C:\Windows\SYSTEM32\Wldp.dll
0x00007ffdb0aa0000 - 0x00007ffdb0b4d000 	C:\Windows\System32\SHCORE.dll
0x00007ffdb2830000 - 0x00007ffdb2885000 	C:\Windows\System32\shlwapi.dll
0x00007ffdafee0000 - 0x00007ffdaff05000 	C:\Windows\SYSTEM32\profapi.dll
0x00007ffda87b0000 - 0x00007ffda87c9000 	C:\Users\Javie\.vscode\extensions\redhat.java-1.25.1-win32-x64\jre\17.0.9-win32-x86_64\bin\net.dll
0x00007ffda7f20000 - 0x00007ffda802a000 	C:\Windows\SYSTEM32\WINHTTP.dll
0x00007ffdaf680000 - 0x00007ffdaf6ea000 	C:\Windows\system32\mswsock.dll
0x00007ffda8740000 - 0x00007ffda8756000 	C:\Users\Javie\.vscode\extensions\redhat.java-1.25.1-win32-x64\jre\17.0.9-win32-x86_64\bin\nio.dll
0x00007ffdac940000 - 0x00007ffdac950000 	C:\Users\Javie\.vscode\extensions\redhat.java-1.25.1-win32-x64\jre\17.0.9-win32-x86_64\bin\verify.dll
0x00007ffd79be0000 - 0x00007ffd79c07000 	C:\Users\Javie\.gradle\native\c067742578af261105cb4f569cf0c3c89f3d7b1fecec35dd04571415982c5e48\windows-amd64\native-platform.dll

dbghelp: loaded successfully - version: 4.0.5 - missing functions: none
symbol engine: initialized successfully - sym options: 0x614 - pdb path: .;C:\Users\Javie\.vscode\extensions\redhat.java-1.25.1-win32-x64\jre\17.0.9-win32-x86_64\bin;C:\Windows\SYSTEM32;C:\Windows\WinSxS\amd64_microsoft.windows.common-controls_6595b64144ccf1df_6.0.19041.1110_none_60b5254171f9507e;C:\Users\Javie\.vscode\extensions\redhat.java-1.25.1-win32-x64\jre\17.0.9-win32-x86_64\bin\server;C:\Users\Javie\.gradle\native\c067742578af261105cb4f569cf0c3c89f3d7b1fecec35dd04571415982c5e48\windows-amd64

VM Arguments:
jvm_args: --add-opens=java.base/java.lang=ALL-UNNAMED --add-opens=java.base/java.io=ALL-UNNAMED --add-opens=java.base/java.util=ALL-UNNAMED -Dplugin.dir=c:\Users\Javie\.vscode\extensions\vscjava.vscode-gradle-3.13.5\server\plugins 
java_command: com.microsoft.java.bs.core.Launcher
java_class_path (initial): c:\Users\Javie\.vscode\extensions\vscjava.vscode-gradle-3.13.5\server\server.jar;c:\Users\Javie\.vscode\extensions\vscjava.vscode-gradle-3.13.5\server\runtime\bsp4j-2.1.0-M4.jar;c:\Users\Javie\.vscode\extensions\vscjava.vscode-gradle-3.13.5\server\runtime\checker-qual-3.5.0.jar;c:\Users\Javie\.vscode\extensions\vscjava.vscode-gradle-3.13.5\server\runtime\commons-lang3-3.13.0.jar;c:\Users\Javie\.vscode\extensions\vscjava.vscode-gradle-3.13.5\server\runtime\error_prone_annotations-2.3.4.jar;c:\Users\Javie\.vscode\extensions\vscjava.vscode-gradle-3.13.5\server\runtime\failureaccess-1.0.1.jar;c:\Users\Javie\.vscode\extensions\vscjava.vscode-gradle-3.13.5\server\runtime\gradle-tooling-api-8.1.1.jar;c:\Users\Javie\.vscode\extensions\vscjava.vscode-gradle-3.13.5\server\runtime\gson-2.9.1.jar;c:\Users\Javie\.vscode\extensions\vscjava.vscode-gradle-3.13.5\server\runtime\guava-30.1-jre.jar;c:\Users\Javie\.vscode\extensions\vscjava.vscode-gradle-3.13.5\server\runtime\j2objc-annotations-1.3.jar;c:\Users\Javie\.vscode\extensions\vscjava.vscode-gradle-3.13.5\server\runtime\jsr305-3.0.2.jar;c:\Users\Javie\.vscode\extensions\vscjava.vscode-gradle-3.13.5\server\runtime\listenablefuture-9999.0-empty-to-avoid-conflict-with-guava.jar;c:\Users\Javie\.vscode\extensions\vscjava.vscode-gradle-3.13.5\server\runtime\model.jar;c:\Users\Javie\.vscode\extensions\vscjava.vscode-gradle-3.13.5\server\runtime\org.eclipse.lsp4j.generator-0.19.0.jar;c:\Users\Javie\.vscode\extensions\vscjava.vscode-gradle-3.13.5\server\runtime\org.eclipse.lsp4j.jsonrpc-0.19.0.jar;c:\Users\Javie\.vscode\extensions\vscjava.vscode-gradle-3.13.5\server\runtime\org.eclipse.xtend.lib-2.28.0.jar;c:\Users\Javie\.vscode\extensions\vscjava.vscode-gradle-3.13.5\server\runtime\org.eclipse.xtend.lib.macro-2.28.0.jar;c:\Users\Javie\.vscode\extensions\vscjava.vscode-gradle-3.13.5\server\runtime\org.eclipse.xtext.xbase.lib-2.28.0.jar;c:\Users\Javie\.vscode\extensions\vscjava.vscode-gradle-3.13.5\server\ru
Launcher Type: SUN_STANDARD

[Global flags]
     intx CICompilerCount                          = 3                                         {product} {ergonomic}
     uint ConcGCThreads                            = 1                                         {product} {ergonomic}
     uint G1ConcRefinementThreads                  = 4                                         {product} {ergonomic}
   size_t G1HeapRegionSize                         = 2097152                                   {product} {ergonomic}
    uintx GCDrainStackTargetSize                   = 64                                        {product} {ergonomic}
   size_t InitialHeapSize                          = 234881024                                 {product} {ergonomic}
   size_t MarkStackSize                            = 4194304                                   {product} {ergonomic}
   size_t MaxHeapSize                              = 3741319168                                {product} {ergonomic}
   size_t MaxNewSize                               = 2243952640                                {product} {ergonomic}
   size_t MinHeapDeltaBytes                        = 2097152                                   {product} {ergonomic}
   size_t MinHeapSize                              = 8388608                                   {product} {ergonomic}
    uintx NonNMethodCodeHeapSize                   = 5832780                                {pd product} {ergonomic}
    uintx NonProfiledCodeHeapSize                  = 122912730                              {pd product} {ergonomic}
    uintx ProfiledCodeHeapSize                     = 122912730                              {pd product} {ergonomic}
    uintx ReservedCodeCacheSize                    = 251658240                              {pd product} {ergonomic}
     bool SegmentedCodeCache                       = true                                      {product} {ergonomic}
   size_t SoftMaxHeapSize                          = 3741319168                             {manageable} {ergonomic}
     bool UseCompressedClassPointers               = true                           {product lp64_product} {ergonomic}
     bool UseCompressedOops                        = true                           {product lp64_product} {ergonomic}
     bool UseG1GC                                  = true                                      {product} {ergonomic}
     bool UseLargePagesIndividualAllocation        = false                                  {pd product} {ergonomic}

Logging:
Log output configuration:
 #0: stdout all=warning uptime,level,tags
 #1: stderr all=off uptime,level,tags

Environment Variables:
PATH=C:\Program Files\Common Files\Oracle\Java\javapath;C:\Windows\system32;C:\Windows;C:\Windows\System32\Wbem;C:\Windows\System32\WindowsPowerShell\v1.0\;C:\Windows\System32\OpenSSH\;C:\Program Files\Git\cmd;C:\Program Files\nodejs\;C:\Program Files\Java\jdk-17\bin;C:\Program Files\MySQL\MySQL Shell 8.0\bin\;C:\Users\Javie\.console-ninja\.bin;C:\Users\Javie\AppData\Local\Microsoft\WindowsApps;C:\Users\Javie\AppData\Local\Programs\Microsoft VS Code\bin;C:\Users\Javie\AppData\Local\GitHubDesktop\bin;C:\Users\Javie\AppData\Roaming\npm;
USERNAME=Rosalba
OS=Windows_NT
PROCESSOR_IDENTIFIER=AMD64 Family 23 Model 24 Stepping 1, AuthenticAMD
TMP=C:\Users\Javie\AppData\Local\Temp
TEMP=C:\Users\Javie\AppData\Local\Temp



Periodic native trim disabled


---------------  S Y S T E M  ---------------

OS:
 Windows 10 , 64 bit Build 19041 (10.0.19041.3155)
OS uptime: 16 days 0:16 hours

CPU: total 4 (initial active 4) (4 cores per cpu, 1 threads per core) family 23 model 24 stepping 1 microcode 0x0, cx8, cmov, fxsr, mmx, 3dnowpref, sse, sse2, sse3, ssse3, sse4a, sse4.1, sse4.2, popcnt, lzcnt, tsc, tscinvbit, avx, avx2, aes, clmul, bmi1, bmi2, adx, sha, fma, vzeroupper, clflush, clflushopt
Processor Information for all 4 processors :
  Max Mhz: 3600, Current Mhz: 3600, Mhz Limit: 3600

Memory: 4k page, system-wide physical 14270M (1572M free)
TotalPageFile size 57278M (AvailPageFile size 3M)
current process WorkingSet (physical memory assigned to process): 105M, peak: 105M
current process commit charge ("private bytes"): 329M, peak: 329M

vm_info: OpenJDK 64-Bit Server VM (17.0.9+9) for windows-amd64 JRE (17.0.9+9), built on Oct 26 2023 14:01:42 by "admin" with MS VC++ 16.10 / 16.11 (VS2019)

END.
